<?xml version="1.0" encoding="UTF-8"?>
<robot generator="Robot 5.0.1 (Python 3.11.2 on win32)" generated="20230403 15:27:22.707" rpa="false" schemaversion="3">
<suite id="s1" name="Tests" source="C:\Users\Administrator\Documents\Programação\Robot2(aprendendo novamente)\Serverest RobotTesting Api\tests">
<suite id="s1-s1" name="Api Testing Cart" source="C:\Users\Administrator\Documents\Programação\Robot2(aprendendo novamente)\Serverest RobotTesting Api\tests\api_testing_cart.robot">
<test id="s1-s1-t1" name="Caso 01: Cadastrar um novo carrinho" line="9">
<kw name="Criar um usuário novo" library="api_testing_login">
<kw name="First Name" library="FakerLibrary">
<var>${RANDOM_NOME_FIRST}</var>
<msg timestamp="20230403 15:27:23.896" level="INFO">${RANDOM_NOME_FIRST} = Pietro</msg>
<status status="PASS" starttime="20230403 15:27:23.896" endtime="20230403 15:27:23.896"/>
</kw>
<kw name="Last Name" library="FakerLibrary">
<var>${RANDOM_NOME_LAST}</var>
<msg timestamp="20230403 15:27:23.896" level="INFO">${RANDOM_NOME_LAST} = Gonçalves</msg>
<status status="PASS" starttime="20230403 15:27:23.896" endtime="20230403 15:27:23.896"/>
</kw>
<kw name="Email" library="FakerLibrary">
<var>${RANDOM_EMAIL}</var>
<msg timestamp="20230403 15:27:23.896" level="INFO">${RANDOM_EMAIL} = heloisa61@example.net</msg>
<status status="PASS" starttime="20230403 15:27:23.896" endtime="20230403 15:27:23.896"/>
</kw>
<kw name="Password" library="FakerLibrary">
<var>${RANDOM_PWD}</var>
<doc>Generate a random password of the specified ``length``.</doc>
<msg timestamp="20230403 15:27:23.898" level="INFO">${RANDOM_PWD} = g@f7hLQkOz</msg>
<status status="PASS" starttime="20230403 15:27:23.898" endtime="20230403 15:27:23.898"/>
</kw>
<kw name="Create Dictionary" library="BuiltIn">
<var>${USER}</var>
<arg>nome=${RANDOM_NOME_FIRST} ${RANDOM_NOME_LAST}</arg>
<arg>email=${RANDOM_EMAIL}</arg>
<arg>senha=${RANDOM_PWD}</arg>
<doc>Creates and returns a dictionary based on the given ``items``.</doc>
<msg timestamp="20230403 15:27:23.900" level="INFO">${USER} = {'nome': 'Pietro Gonçalves', 'email': 'heloisa61@example.net', 'senha': 'g@f7hLQkOz'}</msg>
<status status="PASS" starttime="20230403 15:27:23.899" endtime="20230403 15:27:23.900"/>
</kw>
<kw name="Set Global Variable" library="BuiltIn">
<arg>${USER}</arg>
<doc>Makes a variable available globally in all tests and suites.</doc>
<msg timestamp="20230403 15:27:23.900" level="INFO">${USER} = {'nome': 'Pietro Gonçalves', 'email': 'heloisa61@example.net', 'senha': 'g@f7hLQkOz'}</msg>
<status status="PASS" starttime="20230403 15:27:23.900" endtime="20230403 15:27:23.900"/>
</kw>
<status status="PASS" starttime="20230403 15:27:23.895" endtime="20230403 15:27:23.900"/>
</kw>
<kw name="Iniciar sessão na API serverest" library="api_testing_login">
<kw name="Create Dictionary" library="BuiltIn">
<var>${HEADERS}</var>
<arg>Content-Type=application/json</arg>
<doc>Creates and returns a dictionary based on the given ``items``.</doc>
<msg timestamp="20230403 15:27:23.901" level="INFO">${HEADERS} = {'Content-Type': 'application/json'}</msg>
<status status="PASS" starttime="20230403 15:27:23.901" endtime="20230403 15:27:23.901"/>
</kw>
<kw name="Create Session" library="RequestsLibrary">
<arg>alias=${ALIAS}</arg>
<arg>url=https://serverest.dev</arg>
<arg>headers=${HEADERS}</arg>
<doc>Create Session: create a HTTP session to a server</doc>
<msg timestamp="20230403 15:27:23.902" level="INFO">Creating Session using : alias=ServeRest, url=https://serverest.dev, headers={'Content-Type': 'application/json'},                     cookies={}, auth=None, timeout=None, proxies=None, verify=False,                     debug=0 </msg>
<status status="PASS" starttime="20230403 15:27:23.901" endtime="20230403 15:27:23.902"/>
</kw>
<status status="PASS" starttime="20230403 15:27:23.901" endtime="20230403 15:27:23.903"/>
</kw>
<kw name="Cadastrar o usuário criado na ServeRest" library="api_testing_login">
<kw name="Criar um usuário novo" library="api_testing_login">
<kw name="First Name" library="FakerLibrary">
<var>${RANDOM_NOME_FIRST}</var>
<msg timestamp="20230403 15:27:23.904" level="INFO">${RANDOM_NOME_FIRST} = Kaique</msg>
<status status="PASS" starttime="20230403 15:27:23.904" endtime="20230403 15:27:23.904"/>
</kw>
<kw name="Last Name" library="FakerLibrary">
<var>${RANDOM_NOME_LAST}</var>
<msg timestamp="20230403 15:27:23.904" level="INFO">${RANDOM_NOME_LAST} = Cardoso</msg>
<status status="PASS" starttime="20230403 15:27:23.904" endtime="20230403 15:27:23.904"/>
</kw>
<kw name="Email" library="FakerLibrary">
<var>${RANDOM_EMAIL}</var>
<msg timestamp="20230403 15:27:23.905" level="INFO">${RANDOM_EMAIL} = jesusdavi-lucas@example.com</msg>
<status status="PASS" starttime="20230403 15:27:23.904" endtime="20230403 15:27:23.905"/>
</kw>
<kw name="Password" library="FakerLibrary">
<var>${RANDOM_PWD}</var>
<doc>Generate a random password of the specified ``length``.</doc>
<msg timestamp="20230403 15:27:23.905" level="INFO">${RANDOM_PWD} = zILo7DOt!e</msg>
<status status="PASS" starttime="20230403 15:27:23.905" endtime="20230403 15:27:23.905"/>
</kw>
<kw name="Create Dictionary" library="BuiltIn">
<var>${USER}</var>
<arg>nome=${RANDOM_NOME_FIRST} ${RANDOM_NOME_LAST}</arg>
<arg>email=${RANDOM_EMAIL}</arg>
<arg>senha=${RANDOM_PWD}</arg>
<doc>Creates and returns a dictionary based on the given ``items``.</doc>
<msg timestamp="20230403 15:27:23.906" level="INFO">${USER} = {'nome': 'Kaique Cardoso', 'email': 'jesusdavi-lucas@example.com', 'senha': 'zILo7DOt!e'}</msg>
<status status="PASS" starttime="20230403 15:27:23.905" endtime="20230403 15:27:23.906"/>
</kw>
<kw name="Set Global Variable" library="BuiltIn">
<arg>${USER}</arg>
<doc>Makes a variable available globally in all tests and suites.</doc>
<msg timestamp="20230403 15:27:23.906" level="INFO">${USER} = {'nome': 'Kaique Cardoso', 'email': 'jesusdavi-lucas@example.com', 'senha': 'zILo7DOt!e'}</msg>
<status status="PASS" starttime="20230403 15:27:23.906" endtime="20230403 15:27:23.907"/>
</kw>
<status status="PASS" starttime="20230403 15:27:23.903" endtime="20230403 15:27:23.907"/>
</kw>
<kw name="Create Dictionary" library="BuiltIn">
<var>${BODY}</var>
<arg>nome=${USER.nome}</arg>
<arg>email=${USER.email}</arg>
<arg>password=${USER.senha}</arg>
<arg>administrador=true</arg>
<doc>Creates and returns a dictionary based on the given ``items``.</doc>
<msg timestamp="20230403 15:27:23.909" level="INFO">${BODY} = {'nome': 'Kaique Cardoso', 'email': 'jesusdavi-lucas@example.com', 'password': 'zILo7DOt!e', 'administrador': 'true'}</msg>
<status status="PASS" starttime="20230403 15:27:23.907" endtime="20230403 15:27:23.909"/>
</kw>
<kw name="POST On Session" library="RequestsLibrary">
<var>${RESPONSE}</var>
<arg>alias=${ALIAS}</arg>
<arg>url=usuarios</arg>
<arg>json=${BODY}</arg>
<doc>Sends a POST request on a previously created HTTP Session.</doc>
<msg timestamp="20230403 15:27:24.233" level="INFO">POST Request : url=https://serverest.dev/usuarios 
 path_url=/usuarios 
 headers={'User-Agent': 'python-requests/2.28.2', 'Accept-Encoding': 'gzip, deflate', 'Accept': '*/*', 'Connection': 'keep-alive', 'Content-Type': 'application/json', 'Content-Length': '117'} 
 body=b'{"nome": "Kaique Cardoso", "email": "jesusdavi-lucas@example.com", "password": "zILo7DOt!e", "administrador": "true"}' 
 </msg>
<msg timestamp="20230403 15:27:24.234" level="INFO">POST Response : url=https://serverest.dev/usuarios 
 status=201, reason=Created 
 headers={'access-control-allow-origin': '*', 'x-dns-prefetch-control': 'off', 'x-frame-options': 'SAMEORIGIN', 'strict-transport-security': 'max-age=15552000; includeSubDomains', 'x-download-options': 'noopen', 'x-content-type-options': 'nosniff', 'x-xss-protection': '1; mode=block', 'x-moesif-transaction-id': 'ee9c36cd-c33e-498c-b756-9b9787dfaf7f', 'content-type': 'application/json; charset=utf-8', 'X-Cloud-Trace-Context': 'feb5f9722aa76180491fbc11dd6e3e64;o=1', 'Date': 'Mon, 03 Apr 2023 18:27:43 GMT', 'Server': 'Google Frontend', 'Content-Length': '82'} 
 body={
    "message": "Cadastro realizado com sucesso",
    "_id": "asEMY3MwG2GJWl9v"
} 
 </msg>
<msg timestamp="20230403 15:27:24.234" level="INFO">C:\Users\Administrator\AppData\Local\Programs\Python\Python311\Lib\site-packages\urllib3\connectionpool.py:1045: InsecureRequestWarning: Unverified HTTPS request is being made to host 'serverest.dev'. Adding certificate verification is strongly advised. See: https://urllib3.readthedocs.io/en/1.26.x/advanced-usage.html#ssl-warnings
  warnings.warn(</msg>
<msg timestamp="20230403 15:27:24.234" level="INFO">${RESPONSE} = &lt;Response [201]&gt;</msg>
<status status="PASS" starttime="20230403 15:27:23.909" endtime="20230403 15:27:24.234"/>
</kw>
<kw name="Log" library="BuiltIn">
<arg>Resposta Retornada: ${\n}${RESPONSE.text}</arg>
<doc>Logs the given message with the given level.</doc>
<msg timestamp="20230403 15:27:24.236" level="INFO">Resposta Retornada: 
{
    "message": "Cadastro realizado com sucesso",
    "_id": "asEMY3MwG2GJWl9v"
}</msg>
<status status="PASS" starttime="20230403 15:27:24.235" endtime="20230403 15:27:24.236"/>
</kw>
<status status="PASS" starttime="20230403 15:27:23.903" endtime="20230403 15:27:24.236"/>
</kw>
<kw name="Realizar Login com o usuário" library="api_testing_login">
<arg>status_code_desejado=200</arg>
<kw name="Create Dictionary" library="BuiltIn">
<var>${BODY}</var>
<arg>email=${USER.email}</arg>
<arg>password=${USER.senha}</arg>
<doc>Creates and returns a dictionary based on the given ``items``.</doc>
<msg timestamp="20230403 15:27:24.238" level="INFO">${BODY} = {'email': 'jesusdavi-lucas@example.com', 'password': 'zILo7DOt!e'}</msg>
<status status="PASS" starttime="20230403 15:27:24.236" endtime="20230403 15:27:24.238"/>
</kw>
<kw name="POST On Session" library="RequestsLibrary">
<var>${RESPONSE}</var>
<arg>alias=${ALIAS}</arg>
<arg>url=login</arg>
<arg>json=${BODY}</arg>
<arg>expected_status=${status_code_desejado}</arg>
<doc>Sends a POST request on a previously created HTTP Session.</doc>
<msg timestamp="20230403 15:27:24.391" level="INFO">POST Request : url=https://serverest.dev/login 
 path_url=/login 
 headers={'User-Agent': 'python-requests/2.28.2', 'Accept-Encoding': 'gzip, deflate', 'Accept': '*/*', 'Connection': 'keep-alive', 'Content-Type': 'application/json', 'Content-Length': '66'} 
 body=b'{"email": "jesusdavi-lucas@example.com", "password": "zILo7DOt!e"}' 
 </msg>
<msg timestamp="20230403 15:27:24.391" level="INFO">POST Response : url=https://serverest.dev/login 
 status=200, reason=OK 
 headers={'access-control-allow-origin': '*', 'x-dns-prefetch-control': 'off', 'x-frame-options': 'SAMEORIGIN', 'strict-transport-security': 'max-age=15552000; includeSubDomains', 'x-download-options': 'noopen', 'x-content-type-options': 'nosniff', 'x-xss-protection': '1; mode=block', 'x-moesif-transaction-id': 'c003364f-81a2-4f1e-b971-fbee8fc13eca', 'content-type': 'application/json; charset=utf-8', 'X-Cloud-Trace-Context': '8f35adab3261e12129edcb6b9a8f1756', 'Date': 'Mon, 03 Apr 2023 18:27:43 GMT', 'Server': 'Google Frontend', 'Content-Length': '291'} 
 body={
    "message": "Login realizado com sucesso",
    "authorization": "Bearer eyJhbGciOiJIUzI1NiIsInR5cCI6IkpXVCJ9.eyJlbWFpbCI6Implc3VzZGF2aS1sdWNhc0BleGFtcGxlLmNvbSIsInBhc3N3b3JkIjoieklMbzdET3QhZSIsImlhdCI6MTY4MDU0NjQ2MywiZXhwIjoxNjgwNTQ3MDYzfQ.bcpFDAmUn82c_2Kxk_JPdNlDRtEzsoZKu0lGeiOZ_go"
} 
 </msg>
<msg timestamp="20230403 15:27:24.391" level="INFO">C:\Users\Administrator\AppData\Local\Programs\Python\Python311\Lib\site-packages\urllib3\connectionpool.py:1045: InsecureRequestWarning: Unverified HTTPS request is being made to host 'serverest.dev'. Adding certificate verification is strongly advised. See: https://urllib3.readthedocs.io/en/1.26.x/advanced-usage.html#ssl-warnings
  warnings.warn(</msg>
<msg timestamp="20230403 15:27:24.392" level="INFO">${RESPONSE} = &lt;Response [200]&gt;</msg>
<status status="PASS" starttime="20230403 15:27:24.238" endtime="20230403 15:27:24.392"/>
</kw>
<kw name="Log" library="BuiltIn">
<arg>Resposta Retornada: ${\n}${RESPONSE.text}</arg>
<doc>Logs the given message with the given level.</doc>
<msg timestamp="20230403 15:27:24.393" level="INFO">Resposta Retornada: 
{
    "message": "Login realizado com sucesso",
    "authorization": "Bearer eyJhbGciOiJIUzI1NiIsInR5cCI6IkpXVCJ9.eyJlbWFpbCI6Implc3VzZGF2aS1sdWNhc0BleGFtcGxlLmNvbSIsInBhc3N3b3JkIjoieklMbzdET3QhZSIsImlhdCI6MTY4MDU0NjQ2MywiZXhwIjoxNjgwNTQ3MDYzfQ.bcpFDAmUn82c_2Kxk_JPdNlDRtEzsoZKu0lGeiOZ_go"
}</msg>
<status status="PASS" starttime="20230403 15:27:24.392" endtime="20230403 15:27:24.393"/>
</kw>
<kw name="Dictionary Should Contain Item" library="Collections">
<arg>${RESPONSE.json()}</arg>
<arg>message</arg>
<arg>Login realizado com sucesso</arg>
<doc>An item of ``key`` / ``value`` must be found in a ``dictionary``.</doc>
<status status="PASS" starttime="20230403 15:27:24.393" endtime="20230403 15:27:24.393"/>
</kw>
<kw name="Get From Dictionary" library="Collections">
<var>${TOKEN}</var>
<arg>${RESPONSE.json()}</arg>
<arg>authorization</arg>
<doc>Returns a value from the given ``dictionary`` based on the given ``key``.</doc>
<msg timestamp="20230403 15:27:24.394" level="INFO">${TOKEN} = Bearer eyJhbGciOiJIUzI1NiIsInR5cCI6IkpXVCJ9.eyJlbWFpbCI6Implc3VzZGF2aS1sdWNhc0BleGFtcGxlLmNvbSIsInBhc3N3b3JkIjoieklMbzdET3QhZSIsImlhdCI6MTY4MDU0NjQ2MywiZXhwIjoxNjgwNTQ3MDYzfQ.bcpFDAmUn82c_2Kxk_JPdNlDR...</msg>
<status status="PASS" starttime="20230403 15:27:24.394" endtime="20230403 15:27:24.394"/>
</kw>
<kw name="Set Global Variable" library="BuiltIn">
<arg>${TOKEN}</arg>
<doc>Makes a variable available globally in all tests and suites.</doc>
<msg timestamp="20230403 15:27:24.395" level="INFO">${TOKEN} = Bearer eyJhbGciOiJIUzI1NiIsInR5cCI6IkpXVCJ9.eyJlbWFpbCI6Implc3VzZGF2aS1sdWNhc0BleGFtcGxlLmNvbSIsInBhc3N3b3JkIjoieklMbzdET3QhZSIsImlhdCI6MTY4MDU0NjQ2MywiZXhwIjoxNjgwNTQ3MDYzfQ.bcpFDAmUn82c_2Kxk_JPdNlDR...</msg>
<status status="PASS" starttime="20230403 15:27:24.394" endtime="20230403 15:27:24.395"/>
</kw>
<status status="PASS" starttime="20230403 15:27:24.236" endtime="20230403 15:27:24.395"/>
</kw>
<kw name="Cadastrar um carrinho" library="api_testing_cart">
<kw name="Cadastrar um produto" library="api_testing_cart">
<kw name="Word" library="FakerLibrary">
<var>${RANDOM_PROD}</var>
<doc>Generate a word.</doc>
<msg timestamp="20230403 15:27:24.396" level="INFO">${RANDOM_PROD} = error</msg>
<status status="PASS" starttime="20230403 15:27:24.396" endtime="20230403 15:27:24.396"/>
</kw>
<kw name="Set Suite Variable" library="BuiltIn">
<arg>${RANDOM_PROD}</arg>
<doc>Makes a variable available everywhere within the scope of the current suite.</doc>
<msg timestamp="20230403 15:27:24.397" level="INFO">${RANDOM_PROD} = error</msg>
<status status="PASS" starttime="20230403 15:27:24.397" endtime="20230403 15:27:24.397"/>
</kw>
<kw name="Create Dictionary" library="BuiltIn">
<var>${BODY}</var>
<arg>nome=${RANDOM_PROD}</arg>
<arg>preco=${preco_item}</arg>
<arg>descricao=${desc_item}</arg>
<arg>quantidade=${quant_item}</arg>
<doc>Creates and returns a dictionary based on the given ``items``.</doc>
<msg timestamp="20230403 15:27:24.398" level="INFO">${BODY} = {'nome': 'error', 'preco': '6661', 'descricao': 'Test Product', 'quantidade': '10'}</msg>
<status status="PASS" starttime="20230403 15:27:24.397" endtime="20230403 15:27:24.398"/>
</kw>
<kw name="Create Dictionary" library="BuiltIn">
<var>${HEADERS}</var>
<arg>Authorization=${TOKEN}</arg>
<doc>Creates and returns a dictionary based on the given ``items``.</doc>
<msg timestamp="20230403 15:27:24.399" level="INFO">${HEADERS} = {'Authorization': 'Bearer eyJhbGciOiJIUzI1NiIsInR5cCI6IkpXVCJ9.eyJlbWFpbCI6Implc3VzZGF2aS1sdWNhc0BleGFtcGxlLmNvbSIsInBhc3N3b3JkIjoieklMbzdET3QhZSIsImlhdCI6MTY4MDU0NjQ2MywiZXhwIjoxNjgwNTQ3MDYzfQ.bcpFDA...</msg>
<status status="PASS" starttime="20230403 15:27:24.398" endtime="20230403 15:27:24.399"/>
</kw>
<kw name="POST On Session" library="RequestsLibrary">
<var>${RESPONSE_CADASTRO}</var>
<arg>alias=${ALIAS}</arg>
<arg>url=produtos</arg>
<arg>json=${BODY}</arg>
<arg>headers=${HEADERS}</arg>
<doc>Sends a POST request on a previously created HTTP Session.</doc>
<msg timestamp="20230403 15:27:24.553" level="INFO">POST Request : url=https://serverest.dev/produtos 
 path_url=/produtos 
 headers={'User-Agent': 'python-requests/2.28.2', 'Accept-Encoding': 'gzip, deflate', 'Accept': '*/*', 'Connection': 'keep-alive', 'Content-Type': 'application/json', 'Authorization': 'Bearer eyJhbGciOiJIUzI1NiIsInR5cCI6IkpXVCJ9.eyJlbWFpbCI6Implc3VzZGF2aS1sdWNhc0BleGFtcGxlLmNvbSIsInBhc3N3b3JkIjoieklMbzdET3QhZSIsImlhdCI6MTY4MDU0NjQ2MywiZXhwIjoxNjgwNTQ3MDYzfQ.bcpFDAmUn82c_2Kxk_JPdNlDRtEzsoZKu0lGeiOZ_go', 'Content-Length': '83'} 
 body=b'{"nome": "error", "preco": "6661", "descricao": "Test Product", "quantidade": "10"}' 
 </msg>
<msg timestamp="20230403 15:27:24.554" level="INFO">POST Response : url=https://serverest.dev/produtos 
 status=201, reason=Created 
 headers={'access-control-allow-origin': '*', 'x-dns-prefetch-control': 'off', 'x-frame-options': 'SAMEORIGIN', 'strict-transport-security': 'max-age=15552000; includeSubDomains', 'x-download-options': 'noopen', 'x-content-type-options': 'nosniff', 'x-xss-protection': '1; mode=block', 'x-moesif-transaction-id': '0ce3e516-488c-4e61-9299-b749f5c29ecb', 'content-type': 'application/json; charset=utf-8', 'X-Cloud-Trace-Context': '6fb2501d194456e26c913020f72eaf46', 'Date': 'Mon, 03 Apr 2023 18:27:43 GMT', 'Server': 'Google Frontend', 'Content-Length': '82'} 
 body={
    "message": "Cadastro realizado com sucesso",
    "_id": "1vjaezmjkYa3dtgb"
} 
 </msg>
<msg timestamp="20230403 15:27:24.554" level="INFO">C:\Users\Administrator\AppData\Local\Programs\Python\Python311\Lib\site-packages\urllib3\connectionpool.py:1045: InsecureRequestWarning: Unverified HTTPS request is being made to host 'serverest.dev'. Adding certificate verification is strongly advised. See: https://urllib3.readthedocs.io/en/1.26.x/advanced-usage.html#ssl-warnings
  warnings.warn(</msg>
<msg timestamp="20230403 15:27:24.554" level="INFO">${RESPONSE_CADASTRO} = &lt;Response [201]&gt;</msg>
<status status="PASS" starttime="20230403 15:27:24.399" endtime="20230403 15:27:24.555"/>
</kw>
<kw name="Set Test Variable" library="BuiltIn">
<arg>${RESPONSE_CADASTRO}</arg>
<doc>Makes a variable available everywhere within the scope of the current test.</doc>
<msg timestamp="20230403 15:27:24.555" level="INFO">${RESPONSE_CADASTRO} = &lt;Response [201]&gt;</msg>
<status status="PASS" starttime="20230403 15:27:24.555" endtime="20230403 15:27:24.555"/>
</kw>
<kw name="Log" library="BuiltIn">
<arg>Resposta Retornada: ${\n}${RESPONSE_CADASTRO.text}</arg>
<doc>Logs the given message with the given level.</doc>
<msg timestamp="20230403 15:27:24.556" level="INFO">Resposta Retornada: 
{
    "message": "Cadastro realizado com sucesso",
    "_id": "1vjaezmjkYa3dtgb"
}</msg>
<status status="PASS" starttime="20230403 15:27:24.555" endtime="20230403 15:27:24.556"/>
</kw>
<status status="PASS" starttime="20230403 15:27:24.396" endtime="20230403 15:27:24.556"/>
</kw>
<kw name="Conferir se o produto foi cadastrado com sucesso" library="api_testing_cart">
<kw name="Dictionary Should Contain Item" library="Collections">
<arg>${RESPONSE_CADASTRO.json()}</arg>
<arg>message</arg>
<arg>Cadastro realizado com sucesso</arg>
<doc>An item of ``key`` / ``value`` must be found in a ``dictionary``.</doc>
<status status="PASS" starttime="20230403 15:27:24.557" endtime="20230403 15:27:24.557"/>
</kw>
<kw name="Get From Dictionary" library="Collections">
<var>${ID_PRODUTO_CADASTRADO}</var>
<arg>${RESPONSE_CADASTRO.json()}</arg>
<arg>_id</arg>
<doc>Returns a value from the given ``dictionary`` based on the given ``key``.</doc>
<msg timestamp="20230403 15:27:24.558" level="INFO">${ID_PRODUTO_CADASTRADO} = 1vjaezmjkYa3dtgb</msg>
<status status="PASS" starttime="20230403 15:27:24.557" endtime="20230403 15:27:24.558"/>
</kw>
<kw name="Set Suite Variable" library="BuiltIn">
<arg>${ID_PRODUTO_CADASTRADO}</arg>
<doc>Makes a variable available everywhere within the scope of the current suite.</doc>
<msg timestamp="20230403 15:27:24.558" level="INFO">${ID_PRODUTO_CADASTRADO} = 1vjaezmjkYa3dtgb</msg>
<status status="PASS" starttime="20230403 15:27:24.558" endtime="20230403 15:27:24.558"/>
</kw>
<status status="PASS" starttime="20230403 15:27:24.556" endtime="20230403 15:27:24.558"/>
</kw>
<kw name="Convert String to JSON" library="RPA.JSON">
<var>${DATA}</var>
<arg>{"produtos": [{"idProduto": "id", "quantidade": 1}]}</arg>
<doc>Convert a string to a JSON serializable object and return it.</doc>
<msg timestamp="20230403 15:27:24.559" level="INFO">${DATA} = {'produtos': [{'idProduto': 'id', 'quantidade': 1}]}</msg>
<status status="PASS" starttime="20230403 15:27:24.559" endtime="20230403 15:27:24.559"/>
</kw>
<kw name="Update value to JSON" library="RPA.JSON">
<var>${DATA}</var>
<arg>${DATA}</arg>
<arg>$..quantidade</arg>
<arg>${quant_item}</arg>
<doc>Update existing values in a JSON serializable object and return the result.
Will change all values that match the expression.</doc>
<msg timestamp="20230403 15:27:24.559" level="INFO">Update JSON with expression: '$..quantidade'</msg>
<msg timestamp="20230403 15:27:24.590" level="INFO">${DATA} = {'produtos': [{'idProduto': 'id', 'quantidade': '10'}]}</msg>
<status status="PASS" starttime="20230403 15:27:24.559" endtime="20230403 15:27:24.590"/>
</kw>
<kw name="Update value to JSON" library="RPA.JSON">
<var>${DATA}</var>
<arg>${DATA}</arg>
<arg>$..idProduto</arg>
<arg>${ID_PRODUTO_CADASTRADO}</arg>
<doc>Update existing values in a JSON serializable object and return the result.
Will change all values that match the expression.</doc>
<msg timestamp="20230403 15:27:24.591" level="INFO">Update JSON with expression: '$..idProduto'</msg>
<msg timestamp="20230403 15:27:24.616" level="INFO">${DATA} = {'produtos': [{'idProduto': '1vjaezmjkYa3dtgb', 'quantidade': '10'}]}</msg>
<status status="PASS" starttime="20230403 15:27:24.591" endtime="20230403 15:27:24.616"/>
</kw>
<kw name="Evaluate" library="BuiltIn">
<var>${DATA}</var>
<arg>json.dumps(${DATA})</arg>
<arg>json</arg>
<doc>Evaluates the given expression in Python and returns the result.</doc>
<msg timestamp="20230403 15:27:24.617" level="INFO">${DATA} = {"produtos": [{"idProduto": "1vjaezmjkYa3dtgb", "quantidade": "10"}]}</msg>
<status status="PASS" starttime="20230403 15:27:24.616" endtime="20230403 15:27:24.617"/>
</kw>
<kw name="Create Dictionary" library="BuiltIn">
<var>${HEADERS}</var>
<arg>Authorization=${TOKEN}</arg>
<doc>Creates and returns a dictionary based on the given ``items``.</doc>
<msg timestamp="20230403 15:27:24.617" level="INFO">${HEADERS} = {'Authorization': 'Bearer eyJhbGciOiJIUzI1NiIsInR5cCI6IkpXVCJ9.eyJlbWFpbCI6Implc3VzZGF2aS1sdWNhc0BleGFtcGxlLmNvbSIsInBhc3N3b3JkIjoieklMbzdET3QhZSIsImlhdCI6MTY4MDU0NjQ2MywiZXhwIjoxNjgwNTQ3MDYzfQ.bcpFDA...</msg>
<status status="PASS" starttime="20230403 15:27:24.617" endtime="20230403 15:27:24.617"/>
</kw>
<kw name="POST On Session" library="RequestsLibrary">
<var>${RESPONSE_carts}</var>
<arg>alias=${ALIAS}</arg>
<arg>url=carrinhos</arg>
<arg>headers=${HEADERS}</arg>
<arg>data=${DATA}</arg>
<doc>Sends a POST request on a previously created HTTP Session.</doc>
<msg timestamp="20230403 15:27:24.774" level="INFO">POST Request : url=https://serverest.dev/carrinhos 
 path_url=/carrinhos 
 headers={'User-Agent': 'python-requests/2.28.2', 'Accept-Encoding': 'gzip, deflate', 'Accept': '*/*', 'Connection': 'keep-alive', 'Content-Type': 'application/json', 'Authorization': 'Bearer eyJhbGciOiJIUzI1NiIsInR5cCI6IkpXVCJ9.eyJlbWFpbCI6Implc3VzZGF2aS1sdWNhc0BleGFtcGxlLmNvbSIsInBhc3N3b3JkIjoieklMbzdET3QhZSIsImlhdCI6MTY4MDU0NjQ2MywiZXhwIjoxNjgwNTQ3MDYzfQ.bcpFDAmUn82c_2Kxk_JPdNlDRtEzsoZKu0lGeiOZ_go', 'Content-Length': '69'} 
 body={"produtos": [{"idProduto": "1vjaezmjkYa3dtgb", "quantidade": "10"}]} 
 </msg>
<msg timestamp="20230403 15:27:24.775" level="INFO">POST Response : url=https://serverest.dev/carrinhos 
 status=201, reason=Created 
 headers={'access-control-allow-origin': '*', 'x-dns-prefetch-control': 'off', 'x-frame-options': 'SAMEORIGIN', 'strict-transport-security': 'max-age=15552000; includeSubDomains', 'x-download-options': 'noopen', 'x-content-type-options': 'nosniff', 'x-xss-protection': '1; mode=block', 'x-moesif-transaction-id': 'e36853f1-b86a-4b36-96e3-d4052d705b01', 'content-type': 'application/json; charset=utf-8', 'X-Cloud-Trace-Context': 'ee5623097143aa00aac9249003c2f982', 'Date': 'Mon, 03 Apr 2023 18:27:44 GMT', 'Server': 'Google Frontend', 'Content-Length': '82'} 
 body={
    "message": "Cadastro realizado com sucesso",
    "_id": "xbdZFxNLl6uhK2Jq"
} 
 </msg>
<msg timestamp="20230403 15:27:24.775" level="INFO">C:\Users\Administrator\AppData\Local\Programs\Python\Python311\Lib\site-packages\urllib3\connectionpool.py:1045: InsecureRequestWarning: Unverified HTTPS request is being made to host 'serverest.dev'. Adding certificate verification is strongly advised. See: https://urllib3.readthedocs.io/en/1.26.x/advanced-usage.html#ssl-warnings
  warnings.warn(</msg>
<msg timestamp="20230403 15:27:24.775" level="INFO">${RESPONSE_carts} = &lt;Response [201]&gt;</msg>
<status status="PASS" starttime="20230403 15:27:24.617" endtime="20230403 15:27:24.775"/>
</kw>
<kw name="Set Suite Variable" library="BuiltIn">
<arg>${RESPONSE_carts}</arg>
<doc>Makes a variable available everywhere within the scope of the current suite.</doc>
<msg timestamp="20230403 15:27:24.776" level="INFO">${RESPONSE_carts} = &lt;Response [201]&gt;</msg>
<status status="PASS" starttime="20230403 15:27:24.775" endtime="20230403 15:27:24.776"/>
</kw>
<status status="PASS" starttime="20230403 15:27:24.395" endtime="20230403 15:27:24.776"/>
</kw>
<kw name="Conferir se o carrinho foi cadastrado com sucesso" library="api_testing_cart">
<kw name="Dictionary Should Contain Item" library="Collections">
<arg>${RESPONSE_carts.json()}</arg>
<arg>message</arg>
<arg>Cadastro realizado com sucesso</arg>
<doc>An item of ``key`` / ``value`` must be found in a ``dictionary``.</doc>
<status status="PASS" starttime="20230403 15:27:24.776" endtime="20230403 15:27:24.777"/>
</kw>
<kw name="Get From Dictionary" library="Collections">
<var>${ID_CART_CADASTRADO}</var>
<arg>${RESPONSE_carts.json()}</arg>
<arg>_id</arg>
<doc>Returns a value from the given ``dictionary`` based on the given ``key``.</doc>
<msg timestamp="20230403 15:27:24.778" level="INFO">${ID_CART_CADASTRADO} = xbdZFxNLl6uhK2Jq</msg>
<status status="PASS" starttime="20230403 15:27:24.777" endtime="20230403 15:27:24.778"/>
</kw>
<kw name="Set Suite Variable" library="BuiltIn">
<arg>${ID_CART_CADASTRADO}</arg>
<doc>Makes a variable available everywhere within the scope of the current suite.</doc>
<msg timestamp="20230403 15:27:24.779" level="INFO">${ID_CART_CADASTRADO} = xbdZFxNLl6uhK2Jq</msg>
<status status="PASS" starttime="20230403 15:27:24.778" endtime="20230403 15:27:24.779"/>
</kw>
<status status="PASS" starttime="20230403 15:27:24.776" endtime="20230403 15:27:24.779"/>
</kw>
<status status="PASS" starttime="20230403 15:27:23.894" endtime="20230403 15:27:24.779"/>
</test>
<test id="s1-s1-t2" name="Caso 02: Listar carrinhos cadastrados" line="17">
<kw name="Criar um usuário novo" library="api_testing_login">
<kw name="First Name" library="FakerLibrary">
<var>${RANDOM_NOME_FIRST}</var>
<msg timestamp="20230403 15:27:24.782" level="INFO">${RANDOM_NOME_FIRST} = Maitê</msg>
<status status="PASS" starttime="20230403 15:27:24.781" endtime="20230403 15:27:24.782"/>
</kw>
<kw name="Last Name" library="FakerLibrary">
<var>${RANDOM_NOME_LAST}</var>
<msg timestamp="20230403 15:27:24.782" level="INFO">${RANDOM_NOME_LAST} = Dias</msg>
<status status="PASS" starttime="20230403 15:27:24.782" endtime="20230403 15:27:24.782"/>
</kw>
<kw name="Email" library="FakerLibrary">
<var>${RANDOM_EMAIL}</var>
<msg timestamp="20230403 15:27:24.782" level="INFO">${RANDOM_EMAIL} = heitorazevedo@example.org</msg>
<status status="PASS" starttime="20230403 15:27:24.782" endtime="20230403 15:27:24.782"/>
</kw>
<kw name="Password" library="FakerLibrary">
<var>${RANDOM_PWD}</var>
<doc>Generate a random password of the specified ``length``.</doc>
<msg timestamp="20230403 15:27:24.783" level="INFO">${RANDOM_PWD} = X)0DeKMqoZ</msg>
<status status="PASS" starttime="20230403 15:27:24.783" endtime="20230403 15:27:24.783"/>
</kw>
<kw name="Create Dictionary" library="BuiltIn">
<var>${USER}</var>
<arg>nome=${RANDOM_NOME_FIRST} ${RANDOM_NOME_LAST}</arg>
<arg>email=${RANDOM_EMAIL}</arg>
<arg>senha=${RANDOM_PWD}</arg>
<doc>Creates and returns a dictionary based on the given ``items``.</doc>
<msg timestamp="20230403 15:27:24.783" level="INFO">${USER} = {'nome': 'Maitê Dias', 'email': 'heitorazevedo@example.org', 'senha': 'X)0DeKMqoZ'}</msg>
<status status="PASS" starttime="20230403 15:27:24.783" endtime="20230403 15:27:24.784"/>
</kw>
<kw name="Set Global Variable" library="BuiltIn">
<arg>${USER}</arg>
<doc>Makes a variable available globally in all tests and suites.</doc>
<msg timestamp="20230403 15:27:24.784" level="INFO">${USER} = {'nome': 'Maitê Dias', 'email': 'heitorazevedo@example.org', 'senha': 'X)0DeKMqoZ'}</msg>
<status status="PASS" starttime="20230403 15:27:24.784" endtime="20230403 15:27:24.784"/>
</kw>
<status status="PASS" starttime="20230403 15:27:24.781" endtime="20230403 15:27:24.784"/>
</kw>
<kw name="Iniciar sessão na API serverest" library="api_testing_login">
<kw name="Create Dictionary" library="BuiltIn">
<var>${HEADERS}</var>
<arg>Content-Type=application/json</arg>
<doc>Creates and returns a dictionary based on the given ``items``.</doc>
<msg timestamp="20230403 15:27:24.785" level="INFO">${HEADERS} = {'Content-Type': 'application/json'}</msg>
<status status="PASS" starttime="20230403 15:27:24.785" endtime="20230403 15:27:24.785"/>
</kw>
<kw name="Create Session" library="RequestsLibrary">
<arg>alias=${ALIAS}</arg>
<arg>url=https://serverest.dev</arg>
<arg>headers=${HEADERS}</arg>
<doc>Create Session: create a HTTP session to a server</doc>
<msg timestamp="20230403 15:27:24.786" level="INFO">Creating Session using : alias=ServeRest, url=https://serverest.dev, headers={'Content-Type': 'application/json'},                     cookies={}, auth=None, timeout=None, proxies=None, verify=False,                     debug=0 </msg>
<status status="PASS" starttime="20230403 15:27:24.785" endtime="20230403 15:27:24.786"/>
</kw>
<status status="PASS" starttime="20230403 15:27:24.784" endtime="20230403 15:27:24.786"/>
</kw>
<kw name="Cadastrar o usuário criado na ServeRest" library="api_testing_login">
<kw name="Criar um usuário novo" library="api_testing_login">
<kw name="First Name" library="FakerLibrary">
<var>${RANDOM_NOME_FIRST}</var>
<msg timestamp="20230403 15:27:24.787" level="INFO">${RANDOM_NOME_FIRST} = Ana Carolina</msg>
<status status="PASS" starttime="20230403 15:27:24.787" endtime="20230403 15:27:24.787"/>
</kw>
<kw name="Last Name" library="FakerLibrary">
<var>${RANDOM_NOME_LAST}</var>
<msg timestamp="20230403 15:27:24.788" level="INFO">${RANDOM_NOME_LAST} = Costa</msg>
<status status="PASS" starttime="20230403 15:27:24.787" endtime="20230403 15:27:24.788"/>
</kw>
<kw name="Email" library="FakerLibrary">
<var>${RANDOM_EMAIL}</var>
<msg timestamp="20230403 15:27:24.788" level="INFO">${RANDOM_EMAIL} = piresaugusto@example.com</msg>
<status status="PASS" starttime="20230403 15:27:24.788" endtime="20230403 15:27:24.789"/>
</kw>
<kw name="Password" library="FakerLibrary">
<var>${RANDOM_PWD}</var>
<doc>Generate a random password of the specified ``length``.</doc>
<msg timestamp="20230403 15:27:24.789" level="INFO">${RANDOM_PWD} = +fTW*r3z_2</msg>
<status status="PASS" starttime="20230403 15:27:24.789" endtime="20230403 15:27:24.789"/>
</kw>
<kw name="Create Dictionary" library="BuiltIn">
<var>${USER}</var>
<arg>nome=${RANDOM_NOME_FIRST} ${RANDOM_NOME_LAST}</arg>
<arg>email=${RANDOM_EMAIL}</arg>
<arg>senha=${RANDOM_PWD}</arg>
<doc>Creates and returns a dictionary based on the given ``items``.</doc>
<msg timestamp="20230403 15:27:24.790" level="INFO">${USER} = {'nome': 'Ana Carolina Costa', 'email': 'piresaugusto@example.com', 'senha': '+fTW*r3z_2'}</msg>
<status status="PASS" starttime="20230403 15:27:24.789" endtime="20230403 15:27:24.790"/>
</kw>
<kw name="Set Global Variable" library="BuiltIn">
<arg>${USER}</arg>
<doc>Makes a variable available globally in all tests and suites.</doc>
<msg timestamp="20230403 15:27:24.790" level="INFO">${USER} = {'nome': 'Ana Carolina Costa', 'email': 'piresaugusto@example.com', 'senha': '+fTW*r3z_2'}</msg>
<status status="PASS" starttime="20230403 15:27:24.790" endtime="20230403 15:27:24.790"/>
</kw>
<status status="PASS" starttime="20230403 15:27:24.787" endtime="20230403 15:27:24.790"/>
</kw>
<kw name="Create Dictionary" library="BuiltIn">
<var>${BODY}</var>
<arg>nome=${USER.nome}</arg>
<arg>email=${USER.email}</arg>
<arg>password=${USER.senha}</arg>
<arg>administrador=true</arg>
<doc>Creates and returns a dictionary based on the given ``items``.</doc>
<msg timestamp="20230403 15:27:24.792" level="INFO">${BODY} = {'nome': 'Ana Carolina Costa', 'email': 'piresaugusto@example.com', 'password': '+fTW*r3z_2', 'administrador': 'true'}</msg>
<status status="PASS" starttime="20230403 15:27:24.790" endtime="20230403 15:27:24.792"/>
</kw>
<kw name="POST On Session" library="RequestsLibrary">
<var>${RESPONSE}</var>
<arg>alias=${ALIAS}</arg>
<arg>url=usuarios</arg>
<arg>json=${BODY}</arg>
<doc>Sends a POST request on a previously created HTTP Session.</doc>
<msg timestamp="20230403 15:27:25.099" level="INFO">POST Request : url=https://serverest.dev/usuarios 
 path_url=/usuarios 
 headers={'User-Agent': 'python-requests/2.28.2', 'Accept-Encoding': 'gzip, deflate', 'Accept': '*/*', 'Connection': 'keep-alive', 'Content-Type': 'application/json', 'Content-Length': '118'} 
 body=b'{"nome": "Ana Carolina Costa", "email": "piresaugusto@example.com", "password": "+fTW*r3z_2", "administrador": "true"}' 
 </msg>
<msg timestamp="20230403 15:27:25.100" level="INFO">POST Response : url=https://serverest.dev/usuarios 
 status=201, reason=Created 
 headers={'access-control-allow-origin': '*', 'x-dns-prefetch-control': 'off', 'x-frame-options': 'SAMEORIGIN', 'strict-transport-security': 'max-age=15552000; includeSubDomains', 'x-download-options': 'noopen', 'x-content-type-options': 'nosniff', 'x-xss-protection': '1; mode=block', 'x-moesif-transaction-id': 'b5ea7057-9261-4d15-9563-ce148ffbb5de', 'content-type': 'application/json; charset=utf-8', 'X-Cloud-Trace-Context': '2dfd2e836310e7608ed34b3170bd9700', 'Date': 'Mon, 03 Apr 2023 18:27:44 GMT', 'Server': 'Google Frontend', 'Content-Length': '82'} 
 body={
    "message": "Cadastro realizado com sucesso",
    "_id": "wF9eJzpyhaJq2FPu"
} 
 </msg>
<msg timestamp="20230403 15:27:25.100" level="INFO">C:\Users\Administrator\AppData\Local\Programs\Python\Python311\Lib\site-packages\urllib3\connectionpool.py:1045: InsecureRequestWarning: Unverified HTTPS request is being made to host 'serverest.dev'. Adding certificate verification is strongly advised. See: https://urllib3.readthedocs.io/en/1.26.x/advanced-usage.html#ssl-warnings
  warnings.warn(</msg>
<msg timestamp="20230403 15:27:25.100" level="INFO">${RESPONSE} = &lt;Response [201]&gt;</msg>
<status status="PASS" starttime="20230403 15:27:24.792" endtime="20230403 15:27:25.100"/>
</kw>
<kw name="Log" library="BuiltIn">
<arg>Resposta Retornada: ${\n}${RESPONSE.text}</arg>
<doc>Logs the given message with the given level.</doc>
<msg timestamp="20230403 15:27:25.101" level="INFO">Resposta Retornada: 
{
    "message": "Cadastro realizado com sucesso",
    "_id": "wF9eJzpyhaJq2FPu"
}</msg>
<status status="PASS" starttime="20230403 15:27:25.101" endtime="20230403 15:27:25.101"/>
</kw>
<status status="PASS" starttime="20230403 15:27:24.786" endtime="20230403 15:27:25.102"/>
</kw>
<kw name="Realizar Login com o usuário" library="api_testing_login">
<arg>status_code_desejado=200</arg>
<kw name="Create Dictionary" library="BuiltIn">
<var>${BODY}</var>
<arg>email=${USER.email}</arg>
<arg>password=${USER.senha}</arg>
<doc>Creates and returns a dictionary based on the given ``items``.</doc>
<msg timestamp="20230403 15:27:25.103" level="INFO">${BODY} = {'email': 'piresaugusto@example.com', 'password': '+fTW*r3z_2'}</msg>
<status status="PASS" starttime="20230403 15:27:25.102" endtime="20230403 15:27:25.103"/>
</kw>
<kw name="POST On Session" library="RequestsLibrary">
<var>${RESPONSE}</var>
<arg>alias=${ALIAS}</arg>
<arg>url=login</arg>
<arg>json=${BODY}</arg>
<arg>expected_status=${status_code_desejado}</arg>
<doc>Sends a POST request on a previously created HTTP Session.</doc>
<msg timestamp="20230403 15:27:25.256" level="INFO">POST Request : url=https://serverest.dev/login 
 path_url=/login 
 headers={'User-Agent': 'python-requests/2.28.2', 'Accept-Encoding': 'gzip, deflate', 'Accept': '*/*', 'Connection': 'keep-alive', 'Content-Type': 'application/json', 'Content-Length': '63'} 
 body=b'{"email": "piresaugusto@example.com", "password": "+fTW*r3z_2"}' 
 </msg>
<msg timestamp="20230403 15:27:25.256" level="INFO">POST Response : url=https://serverest.dev/login 
 status=200, reason=OK 
 headers={'access-control-allow-origin': '*', 'x-dns-prefetch-control': 'off', 'x-frame-options': 'SAMEORIGIN', 'strict-transport-security': 'max-age=15552000; includeSubDomains', 'x-download-options': 'noopen', 'x-content-type-options': 'nosniff', 'x-xss-protection': '1; mode=block', 'x-moesif-transaction-id': '658a0639-3a68-4945-8455-8ae287b02b11', 'content-type': 'application/json; charset=utf-8', 'X-Cloud-Trace-Context': 'c7352679468dff72d6ec4dacf620608a', 'Date': 'Mon, 03 Apr 2023 18:27:44 GMT', 'Server': 'Google Frontend', 'Content-Length': '287'} 
 body={
    "message": "Login realizado com sucesso",
    "authorization": "Bearer eyJhbGciOiJIUzI1NiIsInR5cCI6IkpXVCJ9.eyJlbWFpbCI6InBpcmVzYXVndXN0b0BleGFtcGxlLmNvbSIsInBhc3N3b3JkIjoiK2ZUVypyM3pfMiIsImlhdCI6MTY4MDU0NjQ2NCwiZXhwIjoxNjgwNTQ3MDY0fQ.a87Xr4UAAyCExJfylitZW56nK1Wg4UwZkcNgA0OAFxw"
} 
 </msg>
<msg timestamp="20230403 15:27:25.256" level="INFO">C:\Users\Administrator\AppData\Local\Programs\Python\Python311\Lib\site-packages\urllib3\connectionpool.py:1045: InsecureRequestWarning: Unverified HTTPS request is being made to host 'serverest.dev'. Adding certificate verification is strongly advised. See: https://urllib3.readthedocs.io/en/1.26.x/advanced-usage.html#ssl-warnings
  warnings.warn(</msg>
<msg timestamp="20230403 15:27:25.257" level="INFO">${RESPONSE} = &lt;Response [200]&gt;</msg>
<status status="PASS" starttime="20230403 15:27:25.104" endtime="20230403 15:27:25.257"/>
</kw>
<kw name="Log" library="BuiltIn">
<arg>Resposta Retornada: ${\n}${RESPONSE.text}</arg>
<doc>Logs the given message with the given level.</doc>
<msg timestamp="20230403 15:27:25.258" level="INFO">Resposta Retornada: 
{
    "message": "Login realizado com sucesso",
    "authorization": "Bearer eyJhbGciOiJIUzI1NiIsInR5cCI6IkpXVCJ9.eyJlbWFpbCI6InBpcmVzYXVndXN0b0BleGFtcGxlLmNvbSIsInBhc3N3b3JkIjoiK2ZUVypyM3pfMiIsImlhdCI6MTY4MDU0NjQ2NCwiZXhwIjoxNjgwNTQ3MDY0fQ.a87Xr4UAAyCExJfylitZW56nK1Wg4UwZkcNgA0OAFxw"
}</msg>
<status status="PASS" starttime="20230403 15:27:25.257" endtime="20230403 15:27:25.258"/>
</kw>
<kw name="Dictionary Should Contain Item" library="Collections">
<arg>${RESPONSE.json()}</arg>
<arg>message</arg>
<arg>Login realizado com sucesso</arg>
<doc>An item of ``key`` / ``value`` must be found in a ``dictionary``.</doc>
<status status="PASS" starttime="20230403 15:27:25.258" endtime="20230403 15:27:25.259"/>
</kw>
<kw name="Get From Dictionary" library="Collections">
<var>${TOKEN}</var>
<arg>${RESPONSE.json()}</arg>
<arg>authorization</arg>
<doc>Returns a value from the given ``dictionary`` based on the given ``key``.</doc>
<msg timestamp="20230403 15:27:25.260" level="INFO">${TOKEN} = Bearer eyJhbGciOiJIUzI1NiIsInR5cCI6IkpXVCJ9.eyJlbWFpbCI6InBpcmVzYXVndXN0b0BleGFtcGxlLmNvbSIsInBhc3N3b3JkIjoiK2ZUVypyM3pfMiIsImlhdCI6MTY4MDU0NjQ2NCwiZXhwIjoxNjgwNTQ3MDY0fQ.a87Xr4UAAyCExJfylitZW56nK1Wg4...</msg>
<status status="PASS" starttime="20230403 15:27:25.259" endtime="20230403 15:27:25.260"/>
</kw>
<kw name="Set Global Variable" library="BuiltIn">
<arg>${TOKEN}</arg>
<doc>Makes a variable available globally in all tests and suites.</doc>
<msg timestamp="20230403 15:27:25.260" level="INFO">${TOKEN} = Bearer eyJhbGciOiJIUzI1NiIsInR5cCI6IkpXVCJ9.eyJlbWFpbCI6InBpcmVzYXVndXN0b0BleGFtcGxlLmNvbSIsInBhc3N3b3JkIjoiK2ZUVypyM3pfMiIsImlhdCI6MTY4MDU0NjQ2NCwiZXhwIjoxNjgwNTQ3MDY0fQ.a87Xr4UAAyCExJfylitZW56nK1Wg4...</msg>
<status status="PASS" starttime="20230403 15:27:25.260" endtime="20230403 15:27:25.260"/>
</kw>
<status status="PASS" starttime="20230403 15:27:25.102" endtime="20230403 15:27:25.260"/>
</kw>
<kw name="Buscar carrinhos cadastrados" library="api_testing_cart">
<kw name="Create Dictionary" library="BuiltIn">
<var>${HEADERS}</var>
<arg>Authorization=${TOKEN}</arg>
<doc>Creates and returns a dictionary based on the given ``items``.</doc>
<msg timestamp="20230403 15:27:25.261" level="INFO">${HEADERS} = {'Authorization': 'Bearer eyJhbGciOiJIUzI1NiIsInR5cCI6IkpXVCJ9.eyJlbWFpbCI6InBpcmVzYXVndXN0b0BleGFtcGxlLmNvbSIsInBhc3N3b3JkIjoiK2ZUVypyM3pfMiIsImlhdCI6MTY4MDU0NjQ2NCwiZXhwIjoxNjgwNTQ3MDY0fQ.a87Xr4UAAy...</msg>
<status status="PASS" starttime="20230403 15:27:25.261" endtime="20230403 15:27:25.261"/>
</kw>
<kw name="GET On Session" library="RequestsLibrary">
<var>${RESPONSE_listacarts}</var>
<arg>alias=${ALIAS}</arg>
<arg>url=carrinhos</arg>
<arg>headers=${HEADERS}</arg>
<doc>Sends a GET request on a previously created HTTP Session.</doc>
<msg timestamp="20230403 15:27:25.419" level="INFO">GET Request : url=https://serverest.dev/carrinhos 
 path_url=/carrinhos 
 headers={'User-Agent': 'python-requests/2.28.2', 'Accept-Encoding': 'gzip, deflate', 'Accept': '*/*', 'Connection': 'keep-alive', 'Content-Type': 'application/json', 'Authorization': 'Bearer eyJhbGciOiJIUzI1NiIsInR5cCI6IkpXVCJ9.eyJlbWFpbCI6InBpcmVzYXVndXN0b0BleGFtcGxlLmNvbSIsInBhc3N3b3JkIjoiK2ZUVypyM3pfMiIsImlhdCI6MTY4MDU0NjQ2NCwiZXhwIjoxNjgwNTQ3MDY0fQ.a87Xr4UAAyCExJfylitZW56nK1Wg4UwZkcNgA0OAFxw'} 
 body=None 
 </msg>
<msg timestamp="20230403 15:27:25.419" level="INFO">GET Response : url=https://serverest.dev/carrinhos 
 status=200, reason=OK 
 headers={'access-control-allow-origin': '*', 'x-dns-prefetch-control': 'off', 'x-frame-options': 'SAMEORIGIN', 'strict-transport-security': 'max-age=15552000; includeSubDomains', 'x-download-options': 'noopen', 'x-content-type-options': 'nosniff', 'x-xss-protection': '1; mode=block', 'x-moesif-transaction-id': 'fe16497d-3f9b-4b2b-8485-c06c4ebf1ea7', 'content-type': 'application/json; charset=utf-8', 'X-Cloud-Trace-Context': '48bfc801cd7eb9bc452486d5e9d3b885', 'Date': 'Mon, 03 Apr 2023 18:27:44 GMT', 'Server': 'Google Frontend', 'Content-Length': '1756'} 
 body={
    "quantidade": 4,
    "carrinhos": [
        {
            "produtos": [
                {
                    "idProduto": "mcyOS42IvPFJZBbT",
                    "quantidade": "10",
                    "precoUnitario": 6661
                }
            ],
            "precoTotal": 66610,
            "quantidadeTotal": "010",
            "idUsuario": "OJusWzcwW7ofXKct",
            "_id": "BCmFZKpkE9E7zBAh"
        },
        {
            "produtos": [
                {
                    "idProduto": "EvXGRMFRiuEtHGxk",
                    "quantidade": "10",
                    "precoUnitario": 6661
                }
            ],
            "precoTotal": 66610,
            "quantidadeTotal": "010",
            "idUsuario": "2IvOqxHYFCWxUcsv",
            "_id": "C2glT9UAfqyqTbWe"
        },
        {
            "produtos": [
                {
                    "idProduto": "BeeJh5lz3k6kSIzA",
                    "quantidade": 2,
                    "precoUnitario": 470
                },
                {
                    "idProduto": "K6leHdftCeOJj8BJ",
                    "quantidade": 1,
                    "precoUnitario": 5240
                }
            ],
            "precoTotal": 6180,
            "quantidadeTotal": 3,
            "idUsuario": "oUb7aGkMtSEPf6BZ",
            "_id": "qbMqntef4iTOwWfg"
        },
        {
            "produtos": [
                {
                    "idProduto": "1vjaezmjkYa3dtgb",
                    "quantidade": "10",
                    "precoUnitario": 6661
                }
            ],
            "precoTotal": 66610,
            "quantidadeTotal": "010",
            "idUsuario": "asEMY3MwG2GJWl9v",
            "_id": "xbdZFxNLl6uhK2Jq"
        }
    ]
} 
 </msg>
<msg timestamp="20230403 15:27:25.419" level="INFO">C:\Users\Administrator\AppData\Local\Programs\Python\Python311\Lib\site-packages\urllib3\connectionpool.py:1045: InsecureRequestWarning: Unverified HTTPS request is being made to host 'serverest.dev'. Adding certificate verification is strongly advised. See: https://urllib3.readthedocs.io/en/1.26.x/advanced-usage.html#ssl-warnings
  warnings.warn(</msg>
<msg timestamp="20230403 15:27:25.420" level="INFO">${RESPONSE_listacarts} = &lt;Response [200]&gt;</msg>
<status status="PASS" starttime="20230403 15:27:25.262" endtime="20230403 15:27:25.420"/>
</kw>
<kw name="Set Suite Variable" library="BuiltIn">
<arg>${RESPONSE_listacarts}</arg>
<doc>Makes a variable available everywhere within the scope of the current suite.</doc>
<msg timestamp="20230403 15:27:25.420" level="INFO">${RESPONSE_listacarts} = &lt;Response [200]&gt;</msg>
<status status="PASS" starttime="20230403 15:27:25.420" endtime="20230403 15:27:25.420"/>
</kw>
<kw name="Set Test Variable" library="BuiltIn">
<arg>${RESPONSE_BODY}</arg>
<arg>${RESPONSE_listacarts.json()}</arg>
<doc>Makes a variable available everywhere within the scope of the current test.</doc>
<msg timestamp="20230403 15:27:25.422" level="INFO">${RESPONSE_BODY} = {'quantidade': 4, 'carrinhos': [{'produtos': [{'idProduto': 'mcyOS42IvPFJZBbT', 'quantidade': '10', 'precoUnitario': 6661}], 'precoTotal': 66610, 'quantidadeTotal': '010', 'idUsuario': 'OJusWzcwW7ofXK...</msg>
<status status="PASS" starttime="20230403 15:27:25.420" endtime="20230403 15:27:25.422"/>
</kw>
<status status="PASS" starttime="20230403 15:27:25.260" endtime="20230403 15:27:25.422"/>
</kw>
<kw name="Conferir os carrinhos cadastrados" library="api_testing_cart">
<for flavor="IN">
<var>${CARRINHO}</var>
<value>@{RESPONSE_BODY['carrinhos']}</value>
<iter>
<var name="${CARRINHO}">{'produtos': [{'idProduto': 'mcyOS42IvPFJZBbT', 'quantidade': '10', 'precoUnitario': 6661}], 'precoTotal': 66610, 'quantidadeTotal': '010', 'idUsuario': 'OJusWzcwW7ofXKct', '_id': 'BCmFZKpkE9E7zBAh'}</var>
<kw name="Set Variable" library="BuiltIn">
<var>${QUANTIDADE_TOTAL}</var>
<arg>${0}</arg>
<doc>Returns the given values which can then be assigned to a variables.</doc>
<msg timestamp="20230403 15:27:25.424" level="INFO">${QUANTIDADE_TOTAL} = 0</msg>
<status status="PASS" starttime="20230403 15:27:25.424" endtime="20230403 15:27:25.424"/>
</kw>
<kw name="Set Variable" library="BuiltIn">
<var>${PRECO_TOTAL}</var>
<arg>${0}</arg>
<doc>Returns the given values which can then be assigned to a variables.</doc>
<msg timestamp="20230403 15:27:25.425" level="INFO">${PRECO_TOTAL} = 0</msg>
<status status="PASS" starttime="20230403 15:27:25.425" endtime="20230403 15:27:25.425"/>
</kw>
<for flavor="IN">
<var>${PRODUTO}</var>
<value>@{CARRINHO['produtos']}</value>
<iter>
<var name="${PRODUTO}">{'idProduto': 'mcyOS42IvPFJZBbT', 'quantidade': '10', 'precoUnitario': 6661}</var>
<kw name="Set Test Variable" library="BuiltIn">
<arg>${QUANTIDADE}</arg>
<arg>${PRODUTO['quantidade']}</arg>
<doc>Makes a variable available everywhere within the scope of the current test.</doc>
<msg timestamp="20230403 15:27:25.428" level="INFO">${QUANTIDADE} = 10</msg>
<status status="PASS" starttime="20230403 15:27:25.426" endtime="20230403 15:27:25.428"/>
</kw>
<kw name="Set Test Variable" library="BuiltIn">
<arg>${PRECO_UNITARIO}</arg>
<arg>${PRODUTO['precoUnitario']}</arg>
<doc>Makes a variable available everywhere within the scope of the current test.</doc>
<msg timestamp="20230403 15:27:25.430" level="INFO">${PRECO_UNITARIO} = 6661</msg>
<status status="PASS" starttime="20230403 15:27:25.428" endtime="20230403 15:27:25.430"/>
</kw>
<kw name="Evaluate" library="BuiltIn">
<var>${QUANTIDADE_TOTAL}</var>
<arg>${QUANTIDADE_TOTAL} + ${PRODUTO['quantidade']}</arg>
<doc>Evaluates the given expression in Python and returns the result.</doc>
<msg timestamp="20230403 15:27:25.431" level="INFO">${QUANTIDADE_TOTAL} = 10</msg>
<status status="PASS" starttime="20230403 15:27:25.430" endtime="20230403 15:27:25.431"/>
</kw>
<kw name="Evaluate" library="BuiltIn">
<var>${PRECO_TOTAL}</var>
<arg>(${PRECO_UNITARIO} * ${PRODUTO['quantidade']}) + ${PRECO_TOTAL}</arg>
<doc>Evaluates the given expression in Python and returns the result.</doc>
<msg timestamp="20230403 15:27:25.433" level="INFO">${PRECO_TOTAL} = 66610</msg>
<status status="PASS" starttime="20230403 15:27:25.431" endtime="20230403 15:27:25.433"/>
</kw>
<status status="PASS" starttime="20230403 15:27:25.426" endtime="20230403 15:27:25.433"/>
</iter>
<status status="PASS" starttime="20230403 15:27:25.425" endtime="20230403 15:27:25.433"/>
</for>
<kw name="Set Test Variable" library="BuiltIn">
<arg>${QUANTIDADE_TOTAL}</arg>
<doc>Makes a variable available everywhere within the scope of the current test.</doc>
<msg timestamp="20230403 15:27:25.433" level="INFO">${QUANTIDADE_TOTAL} = 10</msg>
<status status="PASS" starttime="20230403 15:27:25.433" endtime="20230403 15:27:25.433"/>
</kw>
<kw name="Set Test Variable" library="BuiltIn">
<arg>${PRECO_TOTAL}</arg>
<doc>Makes a variable available everywhere within the scope of the current test.</doc>
<msg timestamp="20230403 15:27:25.434" level="INFO">${PRECO_TOTAL} = 66610</msg>
<status status="PASS" starttime="20230403 15:27:25.433" endtime="20230403 15:27:25.434"/>
</kw>
<kw name="Should Be Equal As Integers" library="BuiltIn">
<arg>${CARRINHO['quantidadeTotal']}</arg>
<arg>${QUANTIDADE_TOTAL}</arg>
<doc>Fails if objects are unequal after converting them to integers.</doc>
<msg timestamp="20230403 15:27:25.435" level="INFO">Argument types are:
&lt;class 'str'&gt;
&lt;class 'int'&gt;</msg>
<status status="PASS" starttime="20230403 15:27:25.434" endtime="20230403 15:27:25.435"/>
</kw>
<kw name="Should Be Equal As Integers" library="BuiltIn">
<arg>${CARRINHO['precoTotal']}</arg>
<arg>${PRECO_TOTAL}</arg>
<doc>Fails if objects are unequal after converting them to integers.</doc>
<status status="PASS" starttime="20230403 15:27:25.435" endtime="20230403 15:27:25.436"/>
</kw>
<status status="PASS" starttime="20230403 15:27:25.423" endtime="20230403 15:27:25.436"/>
</iter>
<iter>
<var name="${CARRINHO}">{'produtos': [{'idProduto': 'EvXGRMFRiuEtHGxk', 'quantidade': '10', 'precoUnitario': 6661}], 'precoTotal': 66610, 'quantidadeTotal': '010', 'idUsuario': '2IvOqxHYFCWxUcsv', '_id': 'C2glT9UAfqyqTbWe'}</var>
<kw name="Set Variable" library="BuiltIn">
<var>${QUANTIDADE_TOTAL}</var>
<arg>${0}</arg>
<doc>Returns the given values which can then be assigned to a variables.</doc>
<msg timestamp="20230403 15:27:25.437" level="INFO">${QUANTIDADE_TOTAL} = 0</msg>
<status status="PASS" starttime="20230403 15:27:25.436" endtime="20230403 15:27:25.437"/>
</kw>
<kw name="Set Variable" library="BuiltIn">
<var>${PRECO_TOTAL}</var>
<arg>${0}</arg>
<doc>Returns the given values which can then be assigned to a variables.</doc>
<msg timestamp="20230403 15:27:25.437" level="INFO">${PRECO_TOTAL} = 0</msg>
<status status="PASS" starttime="20230403 15:27:25.437" endtime="20230403 15:27:25.437"/>
</kw>
<for flavor="IN">
<var>${PRODUTO}</var>
<value>@{CARRINHO['produtos']}</value>
<iter>
<var name="${PRODUTO}">{'idProduto': 'EvXGRMFRiuEtHGxk', 'quantidade': '10', 'precoUnitario': 6661}</var>
<kw name="Set Test Variable" library="BuiltIn">
<arg>${QUANTIDADE}</arg>
<arg>${PRODUTO['quantidade']}</arg>
<doc>Makes a variable available everywhere within the scope of the current test.</doc>
<msg timestamp="20230403 15:27:25.439" level="INFO">${QUANTIDADE} = 10</msg>
<status status="PASS" starttime="20230403 15:27:25.438" endtime="20230403 15:27:25.439"/>
</kw>
<kw name="Set Test Variable" library="BuiltIn">
<arg>${PRECO_UNITARIO}</arg>
<arg>${PRODUTO['precoUnitario']}</arg>
<doc>Makes a variable available everywhere within the scope of the current test.</doc>
<msg timestamp="20230403 15:27:25.440" level="INFO">${PRECO_UNITARIO} = 6661</msg>
<status status="PASS" starttime="20230403 15:27:25.439" endtime="20230403 15:27:25.440"/>
</kw>
<kw name="Evaluate" library="BuiltIn">
<var>${QUANTIDADE_TOTAL}</var>
<arg>${QUANTIDADE_TOTAL} + ${PRODUTO['quantidade']}</arg>
<doc>Evaluates the given expression in Python and returns the result.</doc>
<msg timestamp="20230403 15:27:25.440" level="INFO">${QUANTIDADE_TOTAL} = 10</msg>
<status status="PASS" starttime="20230403 15:27:25.440" endtime="20230403 15:27:25.440"/>
</kw>
<kw name="Evaluate" library="BuiltIn">
<var>${PRECO_TOTAL}</var>
<arg>(${PRECO_UNITARIO} * ${PRODUTO['quantidade']}) + ${PRECO_TOTAL}</arg>
<doc>Evaluates the given expression in Python and returns the result.</doc>
<msg timestamp="20230403 15:27:25.441" level="INFO">${PRECO_TOTAL} = 66610</msg>
<status status="PASS" starttime="20230403 15:27:25.441" endtime="20230403 15:27:25.441"/>
</kw>
<status status="PASS" starttime="20230403 15:27:25.438" endtime="20230403 15:27:25.441"/>
</iter>
<status status="PASS" starttime="20230403 15:27:25.437" endtime="20230403 15:27:25.441"/>
</for>
<kw name="Set Test Variable" library="BuiltIn">
<arg>${QUANTIDADE_TOTAL}</arg>
<doc>Makes a variable available everywhere within the scope of the current test.</doc>
<msg timestamp="20230403 15:27:25.442" level="INFO">${QUANTIDADE_TOTAL} = 10</msg>
<status status="PASS" starttime="20230403 15:27:25.441" endtime="20230403 15:27:25.442"/>
</kw>
<kw name="Set Test Variable" library="BuiltIn">
<arg>${PRECO_TOTAL}</arg>
<doc>Makes a variable available everywhere within the scope of the current test.</doc>
<msg timestamp="20230403 15:27:25.442" level="INFO">${PRECO_TOTAL} = 66610</msg>
<status status="PASS" starttime="20230403 15:27:25.442" endtime="20230403 15:27:25.442"/>
</kw>
<kw name="Should Be Equal As Integers" library="BuiltIn">
<arg>${CARRINHO['quantidadeTotal']}</arg>
<arg>${QUANTIDADE_TOTAL}</arg>
<doc>Fails if objects are unequal after converting them to integers.</doc>
<msg timestamp="20230403 15:27:25.443" level="INFO">Argument types are:
&lt;class 'str'&gt;
&lt;class 'int'&gt;</msg>
<status status="PASS" starttime="20230403 15:27:25.442" endtime="20230403 15:27:25.443"/>
</kw>
<kw name="Should Be Equal As Integers" library="BuiltIn">
<arg>${CARRINHO['precoTotal']}</arg>
<arg>${PRECO_TOTAL}</arg>
<doc>Fails if objects are unequal after converting them to integers.</doc>
<status status="PASS" starttime="20230403 15:27:25.443" endtime="20230403 15:27:25.444"/>
</kw>
<status status="PASS" starttime="20230403 15:27:25.436" endtime="20230403 15:27:25.444"/>
</iter>
<iter>
<var name="${CARRINHO}">{'produtos': [{'idProduto': 'BeeJh5lz3k6kSIzA', 'quantidade': 2, 'precoUnitario': 470}, {'idProduto': 'K6leHdftCeOJj8BJ', 'quantidade': 1, 'precoUnitario': 5240}], 'precoTotal': 6180, 'quantidadeTotal...</var>
<kw name="Set Variable" library="BuiltIn">
<var>${QUANTIDADE_TOTAL}</var>
<arg>${0}</arg>
<doc>Returns the given values which can then be assigned to a variables.</doc>
<msg timestamp="20230403 15:27:25.445" level="INFO">${QUANTIDADE_TOTAL} = 0</msg>
<status status="PASS" starttime="20230403 15:27:25.444" endtime="20230403 15:27:25.445"/>
</kw>
<kw name="Set Variable" library="BuiltIn">
<var>${PRECO_TOTAL}</var>
<arg>${0}</arg>
<doc>Returns the given values which can then be assigned to a variables.</doc>
<msg timestamp="20230403 15:27:25.445" level="INFO">${PRECO_TOTAL} = 0</msg>
<status status="PASS" starttime="20230403 15:27:25.445" endtime="20230403 15:27:25.445"/>
</kw>
<for flavor="IN">
<var>${PRODUTO}</var>
<value>@{CARRINHO['produtos']}</value>
<iter>
<var name="${PRODUTO}">{'idProduto': 'BeeJh5lz3k6kSIzA', 'quantidade': 2, 'precoUnitario': 470}</var>
<kw name="Set Test Variable" library="BuiltIn">
<arg>${QUANTIDADE}</arg>
<arg>${PRODUTO['quantidade']}</arg>
<doc>Makes a variable available everywhere within the scope of the current test.</doc>
<msg timestamp="20230403 15:27:25.447" level="INFO">${QUANTIDADE} = 2</msg>
<status status="PASS" starttime="20230403 15:27:25.446" endtime="20230403 15:27:25.447"/>
</kw>
<kw name="Set Test Variable" library="BuiltIn">
<arg>${PRECO_UNITARIO}</arg>
<arg>${PRODUTO['precoUnitario']}</arg>
<doc>Makes a variable available everywhere within the scope of the current test.</doc>
<msg timestamp="20230403 15:27:25.448" level="INFO">${PRECO_UNITARIO} = 470</msg>
<status status="PASS" starttime="20230403 15:27:25.447" endtime="20230403 15:27:25.448"/>
</kw>
<kw name="Evaluate" library="BuiltIn">
<var>${QUANTIDADE_TOTAL}</var>
<arg>${QUANTIDADE_TOTAL} + ${PRODUTO['quantidade']}</arg>
<doc>Evaluates the given expression in Python and returns the result.</doc>
<msg timestamp="20230403 15:27:25.450" level="INFO">${QUANTIDADE_TOTAL} = 2</msg>
<status status="PASS" starttime="20230403 15:27:25.448" endtime="20230403 15:27:25.450"/>
</kw>
<kw name="Evaluate" library="BuiltIn">
<var>${PRECO_TOTAL}</var>
<arg>(${PRECO_UNITARIO} * ${PRODUTO['quantidade']}) + ${PRECO_TOTAL}</arg>
<doc>Evaluates the given expression in Python and returns the result.</doc>
<msg timestamp="20230403 15:27:25.451" level="INFO">${PRECO_TOTAL} = 940</msg>
<status status="PASS" starttime="20230403 15:27:25.450" endtime="20230403 15:27:25.451"/>
</kw>
<status status="PASS" starttime="20230403 15:27:25.446" endtime="20230403 15:27:25.451"/>
</iter>
<iter>
<var name="${PRODUTO}">{'idProduto': 'K6leHdftCeOJj8BJ', 'quantidade': 1, 'precoUnitario': 5240}</var>
<kw name="Set Test Variable" library="BuiltIn">
<arg>${QUANTIDADE}</arg>
<arg>${PRODUTO['quantidade']}</arg>
<doc>Makes a variable available everywhere within the scope of the current test.</doc>
<msg timestamp="20230403 15:27:25.452" level="INFO">${QUANTIDADE} = 1</msg>
<status status="PASS" starttime="20230403 15:27:25.451" endtime="20230403 15:27:25.452"/>
</kw>
<kw name="Set Test Variable" library="BuiltIn">
<arg>${PRECO_UNITARIO}</arg>
<arg>${PRODUTO['precoUnitario']}</arg>
<doc>Makes a variable available everywhere within the scope of the current test.</doc>
<msg timestamp="20230403 15:27:25.453" level="INFO">${PRECO_UNITARIO} = 5240</msg>
<status status="PASS" starttime="20230403 15:27:25.452" endtime="20230403 15:27:25.453"/>
</kw>
<kw name="Evaluate" library="BuiltIn">
<var>${QUANTIDADE_TOTAL}</var>
<arg>${QUANTIDADE_TOTAL} + ${PRODUTO['quantidade']}</arg>
<doc>Evaluates the given expression in Python and returns the result.</doc>
<msg timestamp="20230403 15:27:25.454" level="INFO">${QUANTIDADE_TOTAL} = 3</msg>
<status status="PASS" starttime="20230403 15:27:25.453" endtime="20230403 15:27:25.454"/>
</kw>
<kw name="Evaluate" library="BuiltIn">
<var>${PRECO_TOTAL}</var>
<arg>(${PRECO_UNITARIO} * ${PRODUTO['quantidade']}) + ${PRECO_TOTAL}</arg>
<doc>Evaluates the given expression in Python and returns the result.</doc>
<msg timestamp="20230403 15:27:25.455" level="INFO">${PRECO_TOTAL} = 6180</msg>
<status status="PASS" starttime="20230403 15:27:25.454" endtime="20230403 15:27:25.455"/>
</kw>
<status status="PASS" starttime="20230403 15:27:25.451" endtime="20230403 15:27:25.455"/>
</iter>
<status status="PASS" starttime="20230403 15:27:25.445" endtime="20230403 15:27:25.455"/>
</for>
<kw name="Set Test Variable" library="BuiltIn">
<arg>${QUANTIDADE_TOTAL}</arg>
<doc>Makes a variable available everywhere within the scope of the current test.</doc>
<msg timestamp="20230403 15:27:25.456" level="INFO">${QUANTIDADE_TOTAL} = 3</msg>
<status status="PASS" starttime="20230403 15:27:25.455" endtime="20230403 15:27:25.456"/>
</kw>
<kw name="Set Test Variable" library="BuiltIn">
<arg>${PRECO_TOTAL}</arg>
<doc>Makes a variable available everywhere within the scope of the current test.</doc>
<msg timestamp="20230403 15:27:25.456" level="INFO">${PRECO_TOTAL} = 6180</msg>
<status status="PASS" starttime="20230403 15:27:25.456" endtime="20230403 15:27:25.456"/>
</kw>
<kw name="Should Be Equal As Integers" library="BuiltIn">
<arg>${CARRINHO['quantidadeTotal']}</arg>
<arg>${QUANTIDADE_TOTAL}</arg>
<doc>Fails if objects are unequal after converting them to integers.</doc>
<status status="PASS" starttime="20230403 15:27:25.456" endtime="20230403 15:27:25.457"/>
</kw>
<kw name="Should Be Equal As Integers" library="BuiltIn">
<arg>${CARRINHO['precoTotal']}</arg>
<arg>${PRECO_TOTAL}</arg>
<doc>Fails if objects are unequal after converting them to integers.</doc>
<status status="PASS" starttime="20230403 15:27:25.457" endtime="20230403 15:27:25.458"/>
</kw>
<status status="PASS" starttime="20230403 15:27:25.444" endtime="20230403 15:27:25.458"/>
</iter>
<iter>
<var name="${CARRINHO}">{'produtos': [{'idProduto': '1vjaezmjkYa3dtgb', 'quantidade': '10', 'precoUnitario': 6661}], 'precoTotal': 66610, 'quantidadeTotal': '010', 'idUsuario': 'asEMY3MwG2GJWl9v', '_id': 'xbdZFxNLl6uhK2Jq'}</var>
<kw name="Set Variable" library="BuiltIn">
<var>${QUANTIDADE_TOTAL}</var>
<arg>${0}</arg>
<doc>Returns the given values which can then be assigned to a variables.</doc>
<msg timestamp="20230403 15:27:25.459" level="INFO">${QUANTIDADE_TOTAL} = 0</msg>
<status status="PASS" starttime="20230403 15:27:25.458" endtime="20230403 15:27:25.459"/>
</kw>
<kw name="Set Variable" library="BuiltIn">
<var>${PRECO_TOTAL}</var>
<arg>${0}</arg>
<doc>Returns the given values which can then be assigned to a variables.</doc>
<msg timestamp="20230403 15:27:25.459" level="INFO">${PRECO_TOTAL} = 0</msg>
<status status="PASS" starttime="20230403 15:27:25.459" endtime="20230403 15:27:25.459"/>
</kw>
<for flavor="IN">
<var>${PRODUTO}</var>
<value>@{CARRINHO['produtos']}</value>
<iter>
<var name="${PRODUTO}">{'idProduto': '1vjaezmjkYa3dtgb', 'quantidade': '10', 'precoUnitario': 6661}</var>
<kw name="Set Test Variable" library="BuiltIn">
<arg>${QUANTIDADE}</arg>
<arg>${PRODUTO['quantidade']}</arg>
<doc>Makes a variable available everywhere within the scope of the current test.</doc>
<msg timestamp="20230403 15:27:25.461" level="INFO">${QUANTIDADE} = 10</msg>
<status status="PASS" starttime="20230403 15:27:25.460" endtime="20230403 15:27:25.461"/>
</kw>
<kw name="Set Test Variable" library="BuiltIn">
<arg>${PRECO_UNITARIO}</arg>
<arg>${PRODUTO['precoUnitario']}</arg>
<doc>Makes a variable available everywhere within the scope of the current test.</doc>
<msg timestamp="20230403 15:27:25.462" level="INFO">${PRECO_UNITARIO} = 6661</msg>
<status status="PASS" starttime="20230403 15:27:25.461" endtime="20230403 15:27:25.462"/>
</kw>
<kw name="Evaluate" library="BuiltIn">
<var>${QUANTIDADE_TOTAL}</var>
<arg>${QUANTIDADE_TOTAL} + ${PRODUTO['quantidade']}</arg>
<doc>Evaluates the given expression in Python and returns the result.</doc>
<msg timestamp="20230403 15:27:25.463" level="INFO">${QUANTIDADE_TOTAL} = 10</msg>
<status status="PASS" starttime="20230403 15:27:25.462" endtime="20230403 15:27:25.463"/>
</kw>
<kw name="Evaluate" library="BuiltIn">
<var>${PRECO_TOTAL}</var>
<arg>(${PRECO_UNITARIO} * ${PRODUTO['quantidade']}) + ${PRECO_TOTAL}</arg>
<doc>Evaluates the given expression in Python and returns the result.</doc>
<msg timestamp="20230403 15:27:25.464" level="INFO">${PRECO_TOTAL} = 66610</msg>
<status status="PASS" starttime="20230403 15:27:25.463" endtime="20230403 15:27:25.464"/>
</kw>
<status status="PASS" starttime="20230403 15:27:25.460" endtime="20230403 15:27:25.464"/>
</iter>
<status status="PASS" starttime="20230403 15:27:25.460" endtime="20230403 15:27:25.464"/>
</for>
<kw name="Set Test Variable" library="BuiltIn">
<arg>${QUANTIDADE_TOTAL}</arg>
<doc>Makes a variable available everywhere within the scope of the current test.</doc>
<msg timestamp="20230403 15:27:25.464" level="INFO">${QUANTIDADE_TOTAL} = 10</msg>
<status status="PASS" starttime="20230403 15:27:25.464" endtime="20230403 15:27:25.464"/>
</kw>
<kw name="Set Test Variable" library="BuiltIn">
<arg>${PRECO_TOTAL}</arg>
<doc>Makes a variable available everywhere within the scope of the current test.</doc>
<msg timestamp="20230403 15:27:25.466" level="INFO">${PRECO_TOTAL} = 66610</msg>
<status status="PASS" starttime="20230403 15:27:25.464" endtime="20230403 15:27:25.466"/>
</kw>
<kw name="Should Be Equal As Integers" library="BuiltIn">
<arg>${CARRINHO['quantidadeTotal']}</arg>
<arg>${QUANTIDADE_TOTAL}</arg>
<doc>Fails if objects are unequal after converting them to integers.</doc>
<msg timestamp="20230403 15:27:25.467" level="INFO">Argument types are:
&lt;class 'str'&gt;
&lt;class 'int'&gt;</msg>
<status status="PASS" starttime="20230403 15:27:25.466" endtime="20230403 15:27:25.467"/>
</kw>
<kw name="Should Be Equal As Integers" library="BuiltIn">
<arg>${CARRINHO['precoTotal']}</arg>
<arg>${PRECO_TOTAL}</arg>
<doc>Fails if objects are unequal after converting them to integers.</doc>
<status status="PASS" starttime="20230403 15:27:25.467" endtime="20230403 15:27:25.468"/>
</kw>
<status status="PASS" starttime="20230403 15:27:25.458" endtime="20230403 15:27:25.468"/>
</iter>
<status status="PASS" starttime="20230403 15:27:25.423" endtime="20230403 15:27:25.468"/>
</for>
<status status="PASS" starttime="20230403 15:27:25.423" endtime="20230403 15:27:25.468"/>
</kw>
<status status="PASS" starttime="20230403 15:27:24.780" endtime="20230403 15:27:25.469"/>
</test>
<test id="s1-s1-t3" name="Caso 03: Deletar um carrinho" line="25">
<kw name="Criar um usuário novo" library="api_testing_login">
<kw name="First Name" library="FakerLibrary">
<var>${RANDOM_NOME_FIRST}</var>
<msg timestamp="20230403 15:27:25.471" level="INFO">${RANDOM_NOME_FIRST} = Bryan</msg>
<status status="PASS" starttime="20230403 15:27:25.471" endtime="20230403 15:27:25.471"/>
</kw>
<kw name="Last Name" library="FakerLibrary">
<var>${RANDOM_NOME_LAST}</var>
<msg timestamp="20230403 15:27:25.471" level="INFO">${RANDOM_NOME_LAST} = Ribeiro</msg>
<status status="PASS" starttime="20230403 15:27:25.471" endtime="20230403 15:27:25.471"/>
</kw>
<kw name="Email" library="FakerLibrary">
<var>${RANDOM_EMAIL}</var>
<msg timestamp="20230403 15:27:25.472" level="INFO">${RANDOM_EMAIL} = emanuel95@example.org</msg>
<status status="PASS" starttime="20230403 15:27:25.471" endtime="20230403 15:27:25.472"/>
</kw>
<kw name="Password" library="FakerLibrary">
<var>${RANDOM_PWD}</var>
<doc>Generate a random password of the specified ``length``.</doc>
<msg timestamp="20230403 15:27:25.473" level="INFO">${RANDOM_PWD} = y*2CFxvgNE</msg>
<status status="PASS" starttime="20230403 15:27:25.472" endtime="20230403 15:27:25.473"/>
</kw>
<kw name="Create Dictionary" library="BuiltIn">
<var>${USER}</var>
<arg>nome=${RANDOM_NOME_FIRST} ${RANDOM_NOME_LAST}</arg>
<arg>email=${RANDOM_EMAIL}</arg>
<arg>senha=${RANDOM_PWD}</arg>
<doc>Creates and returns a dictionary based on the given ``items``.</doc>
<msg timestamp="20230403 15:27:25.474" level="INFO">${USER} = {'nome': 'Bryan Ribeiro', 'email': 'emanuel95@example.org', 'senha': 'y*2CFxvgNE'}</msg>
<status status="PASS" starttime="20230403 15:27:25.473" endtime="20230403 15:27:25.474"/>
</kw>
<kw name="Set Global Variable" library="BuiltIn">
<arg>${USER}</arg>
<doc>Makes a variable available globally in all tests and suites.</doc>
<msg timestamp="20230403 15:27:25.474" level="INFO">${USER} = {'nome': 'Bryan Ribeiro', 'email': 'emanuel95@example.org', 'senha': 'y*2CFxvgNE'}</msg>
<status status="PASS" starttime="20230403 15:27:25.474" endtime="20230403 15:27:25.474"/>
</kw>
<status status="PASS" starttime="20230403 15:27:25.471" endtime="20230403 15:27:25.474"/>
</kw>
<kw name="Iniciar sessão na API serverest" library="api_testing_login">
<kw name="Create Dictionary" library="BuiltIn">
<var>${HEADERS}</var>
<arg>Content-Type=application/json</arg>
<doc>Creates and returns a dictionary based on the given ``items``.</doc>
<msg timestamp="20230403 15:27:25.475" level="INFO">${HEADERS} = {'Content-Type': 'application/json'}</msg>
<status status="PASS" starttime="20230403 15:27:25.475" endtime="20230403 15:27:25.475"/>
</kw>
<kw name="Create Session" library="RequestsLibrary">
<arg>alias=${ALIAS}</arg>
<arg>url=https://serverest.dev</arg>
<arg>headers=${HEADERS}</arg>
<doc>Create Session: create a HTTP session to a server</doc>
<msg timestamp="20230403 15:27:25.476" level="INFO">Creating Session using : alias=ServeRest, url=https://serverest.dev, headers={'Content-Type': 'application/json'},                     cookies={}, auth=None, timeout=None, proxies=None, verify=False,                     debug=0 </msg>
<status status="PASS" starttime="20230403 15:27:25.475" endtime="20230403 15:27:25.476"/>
</kw>
<status status="PASS" starttime="20230403 15:27:25.475" endtime="20230403 15:27:25.476"/>
</kw>
<kw name="Cadastrar o usuário criado na ServeRest" library="api_testing_login">
<kw name="Criar um usuário novo" library="api_testing_login">
<kw name="First Name" library="FakerLibrary">
<var>${RANDOM_NOME_FIRST}</var>
<msg timestamp="20230403 15:27:25.477" level="INFO">${RANDOM_NOME_FIRST} = Clarice</msg>
<status status="PASS" starttime="20230403 15:27:25.477" endtime="20230403 15:27:25.477"/>
</kw>
<kw name="Last Name" library="FakerLibrary">
<var>${RANDOM_NOME_LAST}</var>
<msg timestamp="20230403 15:27:25.477" level="INFO">${RANDOM_NOME_LAST} = Moura</msg>
<status status="PASS" starttime="20230403 15:27:25.477" endtime="20230403 15:27:25.477"/>
</kw>
<kw name="Email" library="FakerLibrary">
<var>${RANDOM_EMAIL}</var>
<msg timestamp="20230403 15:27:25.477" level="INFO">${RANDOM_EMAIL} = joana25@example.com</msg>
<status status="PASS" starttime="20230403 15:27:25.477" endtime="20230403 15:27:25.478"/>
</kw>
<kw name="Password" library="FakerLibrary">
<var>${RANDOM_PWD}</var>
<doc>Generate a random password of the specified ``length``.</doc>
<msg timestamp="20230403 15:27:25.478" level="INFO">${RANDOM_PWD} = _%Sf1DNvLz</msg>
<status status="PASS" starttime="20230403 15:27:25.478" endtime="20230403 15:27:25.478"/>
</kw>
<kw name="Create Dictionary" library="BuiltIn">
<var>${USER}</var>
<arg>nome=${RANDOM_NOME_FIRST} ${RANDOM_NOME_LAST}</arg>
<arg>email=${RANDOM_EMAIL}</arg>
<arg>senha=${RANDOM_PWD}</arg>
<doc>Creates and returns a dictionary based on the given ``items``.</doc>
<msg timestamp="20230403 15:27:25.478" level="INFO">${USER} = {'nome': 'Clarice Moura', 'email': 'joana25@example.com', 'senha': '_%Sf1DNvLz'}</msg>
<status status="PASS" starttime="20230403 15:27:25.478" endtime="20230403 15:27:25.478"/>
</kw>
<kw name="Set Global Variable" library="BuiltIn">
<arg>${USER}</arg>
<doc>Makes a variable available globally in all tests and suites.</doc>
<msg timestamp="20230403 15:27:25.479" level="INFO">${USER} = {'nome': 'Clarice Moura', 'email': 'joana25@example.com', 'senha': '_%Sf1DNvLz'}</msg>
<status status="PASS" starttime="20230403 15:27:25.479" endtime="20230403 15:27:25.479"/>
</kw>
<status status="PASS" starttime="20230403 15:27:25.477" endtime="20230403 15:27:25.479"/>
</kw>
<kw name="Create Dictionary" library="BuiltIn">
<var>${BODY}</var>
<arg>nome=${USER.nome}</arg>
<arg>email=${USER.email}</arg>
<arg>password=${USER.senha}</arg>
<arg>administrador=true</arg>
<doc>Creates and returns a dictionary based on the given ``items``.</doc>
<msg timestamp="20230403 15:27:25.481" level="INFO">${BODY} = {'nome': 'Clarice Moura', 'email': 'joana25@example.com', 'password': '_%Sf1DNvLz', 'administrador': 'true'}</msg>
<status status="PASS" starttime="20230403 15:27:25.479" endtime="20230403 15:27:25.481"/>
</kw>
<kw name="POST On Session" library="RequestsLibrary">
<var>${RESPONSE}</var>
<arg>alias=${ALIAS}</arg>
<arg>url=usuarios</arg>
<arg>json=${BODY}</arg>
<doc>Sends a POST request on a previously created HTTP Session.</doc>
<msg timestamp="20230403 15:27:25.785" level="INFO">POST Request : url=https://serverest.dev/usuarios 
 path_url=/usuarios 
 headers={'User-Agent': 'python-requests/2.28.2', 'Accept-Encoding': 'gzip, deflate', 'Accept': '*/*', 'Connection': 'keep-alive', 'Content-Type': 'application/json', 'Content-Length': '108'} 
 body=b'{"nome": "Clarice Moura", "email": "joana25@example.com", "password": "_%Sf1DNvLz", "administrador": "true"}' 
 </msg>
<msg timestamp="20230403 15:27:25.785" level="INFO">POST Response : url=https://serverest.dev/usuarios 
 status=201, reason=Created 
 headers={'access-control-allow-origin': '*', 'x-dns-prefetch-control': 'off', 'x-frame-options': 'SAMEORIGIN', 'strict-transport-security': 'max-age=15552000; includeSubDomains', 'x-download-options': 'noopen', 'x-content-type-options': 'nosniff', 'x-xss-protection': '1; mode=block', 'x-moesif-transaction-id': 'e1acc870-f072-4f35-adb5-e9f6b42e2035', 'content-type': 'application/json; charset=utf-8', 'X-Cloud-Trace-Context': '7deaae4ef37b11b416fde421a1c34621', 'Date': 'Mon, 03 Apr 2023 18:27:45 GMT', 'Server': 'Google Frontend', 'Content-Length': '82'} 
 body={
    "message": "Cadastro realizado com sucesso",
    "_id": "tzp81kW8NYzG26Jw"
} 
 </msg>
<msg timestamp="20230403 15:27:25.785" level="INFO">C:\Users\Administrator\AppData\Local\Programs\Python\Python311\Lib\site-packages\urllib3\connectionpool.py:1045: InsecureRequestWarning: Unverified HTTPS request is being made to host 'serverest.dev'. Adding certificate verification is strongly advised. See: https://urllib3.readthedocs.io/en/1.26.x/advanced-usage.html#ssl-warnings
  warnings.warn(</msg>
<msg timestamp="20230403 15:27:25.786" level="INFO">${RESPONSE} = &lt;Response [201]&gt;</msg>
<status status="PASS" starttime="20230403 15:27:25.481" endtime="20230403 15:27:25.786"/>
</kw>
<kw name="Log" library="BuiltIn">
<arg>Resposta Retornada: ${\n}${RESPONSE.text}</arg>
<doc>Logs the given message with the given level.</doc>
<msg timestamp="20230403 15:27:25.787" level="INFO">Resposta Retornada: 
{
    "message": "Cadastro realizado com sucesso",
    "_id": "tzp81kW8NYzG26Jw"
}</msg>
<status status="PASS" starttime="20230403 15:27:25.786" endtime="20230403 15:27:25.787"/>
</kw>
<status status="PASS" starttime="20230403 15:27:25.476" endtime="20230403 15:27:25.787"/>
</kw>
<kw name="Realizar Login com o usuário" library="api_testing_login">
<arg>status_code_desejado=200</arg>
<kw name="Create Dictionary" library="BuiltIn">
<var>${BODY}</var>
<arg>email=${USER.email}</arg>
<arg>password=${USER.senha}</arg>
<doc>Creates and returns a dictionary based on the given ``items``.</doc>
<msg timestamp="20230403 15:27:25.789" level="INFO">${BODY} = {'email': 'joana25@example.com', 'password': '_%Sf1DNvLz'}</msg>
<status status="PASS" starttime="20230403 15:27:25.788" endtime="20230403 15:27:25.789"/>
</kw>
<kw name="POST On Session" library="RequestsLibrary">
<var>${RESPONSE}</var>
<arg>alias=${ALIAS}</arg>
<arg>url=login</arg>
<arg>json=${BODY}</arg>
<arg>expected_status=${status_code_desejado}</arg>
<doc>Sends a POST request on a previously created HTTP Session.</doc>
<msg timestamp="20230403 15:27:25.942" level="INFO">POST Request : url=https://serverest.dev/login 
 path_url=/login 
 headers={'User-Agent': 'python-requests/2.28.2', 'Accept-Encoding': 'gzip, deflate', 'Accept': '*/*', 'Connection': 'keep-alive', 'Content-Type': 'application/json', 'Content-Length': '58'} 
 body=b'{"email": "joana25@example.com", "password": "_%Sf1DNvLz"}' 
 </msg>
<msg timestamp="20230403 15:27:25.942" level="INFO">POST Response : url=https://serverest.dev/login 
 status=200, reason=OK 
 headers={'access-control-allow-origin': '*', 'x-dns-prefetch-control': 'off', 'x-frame-options': 'SAMEORIGIN', 'strict-transport-security': 'max-age=15552000; includeSubDomains', 'x-download-options': 'noopen', 'x-content-type-options': 'nosniff', 'x-xss-protection': '1; mode=block', 'x-moesif-transaction-id': 'a4024830-1423-4106-bcb4-e43ba901e81d', 'content-type': 'application/json; charset=utf-8', 'X-Cloud-Trace-Context': '67e33c115c985db658b2b6e29f02d0f0', 'Date': 'Mon, 03 Apr 2023 18:27:45 GMT', 'Server': 'Google Frontend', 'Content-Length': '280'} 
 body={
    "message": "Login realizado com sucesso",
    "authorization": "Bearer eyJhbGciOiJIUzI1NiIsInR5cCI6IkpXVCJ9.eyJlbWFpbCI6ImpvYW5hMjVAZXhhbXBsZS5jb20iLCJwYXNzd29yZCI6Il8lU2YxRE52THoiLCJpYXQiOjE2ODA1NDY0NjUsImV4cCI6MTY4MDU0NzA2NX0.tuZfikXiAZJd4E7cQBA9k9kz89dyda8XlLf5najVWeg"
} 
 </msg>
<msg timestamp="20230403 15:27:25.942" level="INFO">C:\Users\Administrator\AppData\Local\Programs\Python\Python311\Lib\site-packages\urllib3\connectionpool.py:1045: InsecureRequestWarning: Unverified HTTPS request is being made to host 'serverest.dev'. Adding certificate verification is strongly advised. See: https://urllib3.readthedocs.io/en/1.26.x/advanced-usage.html#ssl-warnings
  warnings.warn(</msg>
<msg timestamp="20230403 15:27:25.943" level="INFO">${RESPONSE} = &lt;Response [200]&gt;</msg>
<status status="PASS" starttime="20230403 15:27:25.790" endtime="20230403 15:27:25.943"/>
</kw>
<kw name="Log" library="BuiltIn">
<arg>Resposta Retornada: ${\n}${RESPONSE.text}</arg>
<doc>Logs the given message with the given level.</doc>
<msg timestamp="20230403 15:27:25.944" level="INFO">Resposta Retornada: 
{
    "message": "Login realizado com sucesso",
    "authorization": "Bearer eyJhbGciOiJIUzI1NiIsInR5cCI6IkpXVCJ9.eyJlbWFpbCI6ImpvYW5hMjVAZXhhbXBsZS5jb20iLCJwYXNzd29yZCI6Il8lU2YxRE52THoiLCJpYXQiOjE2ODA1NDY0NjUsImV4cCI6MTY4MDU0NzA2NX0.tuZfikXiAZJd4E7cQBA9k9kz89dyda8XlLf5najVWeg"
}</msg>
<status status="PASS" starttime="20230403 15:27:25.943" endtime="20230403 15:27:25.944"/>
</kw>
<kw name="Dictionary Should Contain Item" library="Collections">
<arg>${RESPONSE.json()}</arg>
<arg>message</arg>
<arg>Login realizado com sucesso</arg>
<doc>An item of ``key`` / ``value`` must be found in a ``dictionary``.</doc>
<status status="PASS" starttime="20230403 15:27:25.944" endtime="20230403 15:27:25.945"/>
</kw>
<kw name="Get From Dictionary" library="Collections">
<var>${TOKEN}</var>
<arg>${RESPONSE.json()}</arg>
<arg>authorization</arg>
<doc>Returns a value from the given ``dictionary`` based on the given ``key``.</doc>
<msg timestamp="20230403 15:27:25.946" level="INFO">${TOKEN} = Bearer eyJhbGciOiJIUzI1NiIsInR5cCI6IkpXVCJ9.eyJlbWFpbCI6ImpvYW5hMjVAZXhhbXBsZS5jb20iLCJwYXNzd29yZCI6Il8lU2YxRE52THoiLCJpYXQiOjE2ODA1NDY0NjUsImV4cCI6MTY4MDU0NzA2NX0.tuZfikXiAZJd4E7cQBA9k9kz89dyda8XlLf5...</msg>
[...]
<status status="PASS" starttime="20230403 15:27:32.829" endtime="20230403 15:27:32.983"/>
</kw>
<kw name="Set Test Variable" library="BuiltIn">
<arg>${RESP_DELETE}</arg>
<arg>${resposta_consulta.json()}</arg>
<doc>Makes a variable available everywhere within the scope of the current test.</doc>
<msg timestamp="20230403 15:27:32.985" level="INFO">${RESP_DELETE} = {'message': 'Registro excluído com sucesso'}</msg>
<status status="PASS" starttime="20230403 15:27:32.983" endtime="20230403 15:27:32.985"/>
</kw>
<status status="PASS" starttime="20230403 15:27:32.829" endtime="20230403 15:27:32.985"/>
</kw>
<kw name="Conferir se o usuário foi realmente deletado" library="api_testing_usuarios">
<kw name="Dictionary Should Contain Item" library="Collections">
<arg>${RESP_DELETE}</arg>
<arg>message</arg>
<arg>Registro excluído com sucesso</arg>
<doc>An item of ``key`` / ``value`` must be found in a ``dictionary``.</doc>
<status status="PASS" starttime="20230403 15:27:32.986" endtime="20230403 15:27:32.986"/>
</kw>
<status status="PASS" starttime="20230403 15:27:32.985" endtime="20230403 15:27:32.986"/>
</kw>
<status status="PASS" starttime="20230403 15:27:32.343" endtime="20230403 15:27:32.986"/>
</test>
<test id="s1-s4-t5" name="Cenário 05: Editar usuário" line="30">
<kw name="Criar um usuário novo" library="api_testing_usuarios">
<kw name="Generate Random String" library="String">
<var>${palavra_aleatoria}</var>
<arg>length=4</arg>
<arg>chars=[LETTERS]</arg>
<doc>Generates a string with a desired ``length`` from the given ``chars``.</doc>
<msg timestamp="20230403 15:27:32.990" level="INFO">${palavra_aleatoria} = OMGd</msg>
<status status="PASS" starttime="20230403 15:27:32.989" endtime="20230403 15:27:32.990"/>
</kw>
<kw name="Convert To Lower Case" library="String">
<var>${palavra_aleatoria}</var>
<arg>${palavra_aleatoria}</arg>
<doc>Converts string to lower case.</doc>
<msg timestamp="20230403 15:27:32.990" level="INFO">${palavra_aleatoria} = omgd</msg>
<status status="PASS" starttime="20230403 15:27:32.990" endtime="20230403 15:27:32.990"/>
</kw>
<kw name="Set Test Variable" library="BuiltIn">
<arg>${EMAIL_TESTE}</arg>
<arg>${palavra_aleatoria}@emailteste.com</arg>
<doc>Makes a variable available everywhere within the scope of the current test.</doc>
<msg timestamp="20230403 15:27:32.991" level="INFO">${EMAIL_TESTE} = omgd@emailteste.com</msg>
<status status="PASS" starttime="20230403 15:27:32.990" endtime="20230403 15:27:32.991"/>
</kw>
<kw name="Log" library="BuiltIn">
<arg>${EMAIL_TESTE}</arg>
<doc>Logs the given message with the given level.</doc>
<msg timestamp="20230403 15:27:32.992" level="INFO">omgd@emailteste.com</msg>
<status status="PASS" starttime="20230403 15:27:32.991" endtime="20230403 15:27:32.992"/>
</kw>
<status status="PASS" starttime="20230403 15:27:32.988" endtime="20230403 15:27:32.992"/>
</kw>
<kw name="Cadastrar o usuário criado na ServeRest" library="api_testing_usuarios">
<arg>email=${EMAIL_TESTE}</arg>
<arg>status_code_desejado=201</arg>
<kw name="Create Dictionary" library="BuiltIn">
<var>${body}</var>
<arg>nome=Gabriel Barbosa</arg>
<arg>email=${email}</arg>
<arg>password=4321</arg>
<arg>administrador=true</arg>
<doc>Creates and returns a dictionary based on the given ``items``.</doc>
<msg timestamp="20230403 15:27:32.993" level="INFO">${body} = {'nome': 'Gabriel Barbosa', 'email': 'omgd@emailteste.com', 'password': '4321', 'administrador': 'true'}</msg>
<status status="PASS" starttime="20230403 15:27:32.993" endtime="20230403 15:27:32.993"/>
</kw>
<kw name="Log" library="BuiltIn">
<arg>${BODY}</arg>
<doc>Logs the given message with the given level.</doc>
<msg timestamp="20230403 15:27:32.993" level="INFO">{'nome': 'Gabriel Barbosa', 'email': 'omgd@emailteste.com', 'password': '4321', 'administrador': 'true'}</msg>
<status status="PASS" starttime="20230403 15:27:32.993" endtime="20230403 15:27:32.993"/>
</kw>
<kw name="Criar sessão na ServeRest" library="api_testing_usuarios">
<kw name="Create Dictionary" library="BuiltIn">
<var>${headers}</var>
<arg>accept=application/json</arg>
<arg>Content-Type=application/json</arg>
<doc>Creates and returns a dictionary based on the given ``items``.</doc>
<msg timestamp="20230403 15:27:32.994" level="INFO">${headers} = {'accept': 'application/json', 'Content-Type': 'application/json'}</msg>
<status status="PASS" starttime="20230403 15:27:32.994" endtime="20230403 15:27:32.994"/>
</kw>
<kw name="Create Session" library="RequestsLibrary">
<arg>alias=ServeRest</arg>
<arg>url=https://serverest.dev</arg>
<doc>Create Session: create a HTTP session to a server</doc>
<msg timestamp="20230403 15:27:32.994" level="INFO">Creating Session using : alias=ServeRest, url=https://serverest.dev, headers={},                     cookies={}, auth=None, timeout=None, proxies=None, verify=False,                     debug=0 </msg>
<status status="PASS" starttime="20230403 15:27:32.994" endtime="20230403 15:27:32.995"/>
</kw>
<status status="PASS" starttime="20230403 15:27:32.993" endtime="20230403 15:27:32.995"/>
</kw>
<kw name="POST On Session" library="RequestsLibrary">
<var>${resposta}</var>
<arg>alias=ServeRest</arg>
<arg>url=/usuarios</arg>
<arg>json=${body}</arg>
<arg>expected_status=${status_code_desejado}</arg>
<doc>Sends a POST request on a previously created HTTP Session.</doc>
<msg timestamp="20230403 15:27:33.300" level="INFO">POST Request : url=https://serverest.dev/usuarios 
 path_url=/usuarios 
 headers={'User-Agent': 'python-requests/2.28.2', 'Accept-Encoding': 'gzip, deflate', 'Accept': '*/*', 'Connection': 'keep-alive', 'Content-Length': '104', 'Content-Type': 'application/json'} 
 body=b'{"nome": "Gabriel Barbosa", "email": "omgd@emailteste.com", "password": "4321", "administrador": "true"}' 
 </msg>
<msg timestamp="20230403 15:27:33.300" level="INFO">POST Response : url=https://serverest.dev/usuarios 
 status=201, reason=Created 
 headers={'access-control-allow-origin': '*', 'x-dns-prefetch-control': 'off', 'x-frame-options': 'SAMEORIGIN', 'strict-transport-security': 'max-age=15552000; includeSubDomains', 'x-download-options': 'noopen', 'x-content-type-options': 'nosniff', 'x-xss-protection': '1; mode=block', 'x-moesif-transaction-id': 'b6166f61-a9bc-4259-ac1a-551b0a2d8838', 'content-type': 'application/json; charset=utf-8', 'X-Cloud-Trace-Context': 'a5a0ea2b977b19eb5bf51afc564138ce', 'Date': 'Mon, 03 Apr 2023 18:27:52 GMT', 'Server': 'Google Frontend', 'Content-Length': '82'} 
 body={
    "message": "Cadastro realizado com sucesso",
    "_id": "braOc73X8erhEpH7"
} 
 </msg>
<msg timestamp="20230403 15:27:33.300" level="INFO">C:\Users\Administrator\AppData\Local\Programs\Python\Python311\Lib\site-packages\urllib3\connectionpool.py:1045: InsecureRequestWarning: Unverified HTTPS request is being made to host 'serverest.dev'. Adding certificate verification is strongly advised. See: https://urllib3.readthedocs.io/en/1.26.x/advanced-usage.html#ssl-warnings
  warnings.warn(</msg>
<msg timestamp="20230403 15:27:33.300" level="INFO">${resposta} = &lt;Response [201]&gt;</msg>
<status status="PASS" starttime="20230403 15:27:32.995" endtime="20230403 15:27:33.300"/>
</kw>
<kw name="Log" library="BuiltIn">
<arg>${resposta.json()}</arg>
<doc>Logs the given message with the given level.</doc>
<msg timestamp="20230403 15:27:33.301" level="INFO">{'message': 'Cadastro realizado com sucesso', '_id': 'braOc73X8erhEpH7'}</msg>
<status status="PASS" starttime="20230403 15:27:33.301" endtime="20230403 15:27:33.301"/>
</kw>
<if>
<branch type="IF" condition="${resposta.status_code} == 201">
<kw name="Set Test Variable" library="BuiltIn">
<arg>${ID_USUARIO}</arg>
<arg>${resposta.json()["_id"]}</arg>
<doc>Makes a variable available everywhere within the scope of the current test.</doc>
<msg timestamp="20230403 15:27:33.303" level="INFO">${ID_USUARIO} = braOc73X8erhEpH7</msg>
<status status="PASS" starttime="20230403 15:27:33.302" endtime="20230403 15:27:33.303"/>
</kw>
<status status="PASS" starttime="20230403 15:27:33.302" endtime="20230403 15:27:33.303"/>
</branch>
<status status="PASS" starttime="20230403 15:27:33.301" endtime="20230403 15:27:33.303"/>
</if>
<kw name="Set Test Variable" library="BuiltIn">
<arg>${RESPOSTA}</arg>
<arg>${resposta.json()}</arg>
<doc>Makes a variable available everywhere within the scope of the current test.</doc>
<msg timestamp="20230403 15:27:33.304" level="INFO">${RESPOSTA} = {'message': 'Cadastro realizado com sucesso', '_id': 'braOc73X8erhEpH7'}</msg>
<status status="PASS" starttime="20230403 15:27:33.304" endtime="20230403 15:27:33.304"/>
</kw>
<status status="PASS" starttime="20230403 15:27:32.992" endtime="20230403 15:27:33.304"/>
</kw>
<kw name="Consultar os dados do novo usuário" library="api_testing_usuarios">
<kw name="GET On Session" library="RequestsLibrary">
<var>${resposta_consulta}</var>
<arg>alias=ServeRest</arg>
<arg>url=/usuarios/${ID_USUARIO}</arg>
<doc>Sends a GET request on a previously created HTTP Session.</doc>
<msg timestamp="20230403 15:27:33.455" level="INFO">GET Request : url=https://serverest.dev/usuarios/braOc73X8erhEpH7 
 path_url=/usuarios/braOc73X8erhEpH7 
 headers={'User-Agent': 'python-requests/2.28.2', 'Accept-Encoding': 'gzip, deflate', 'Accept': '*/*', 'Connection': 'keep-alive'} 
 body=None 
 </msg>
<msg timestamp="20230403 15:27:33.455" level="INFO">GET Response : url=https://serverest.dev/usuarios/braOc73X8erhEpH7 
 status=200, reason=OK 
 headers={'access-control-allow-origin': '*', 'x-dns-prefetch-control': 'off', 'x-frame-options': 'SAMEORIGIN', 'strict-transport-security': 'max-age=15552000; includeSubDomains', 'x-download-options': 'noopen', 'x-content-type-options': 'nosniff', 'x-xss-protection': '1; mode=block', 'x-moesif-transaction-id': '30c5e004-0b57-4682-9cd6-c8dcbd920682', 'content-type': 'application/json; charset=utf-8', 'X-Cloud-Trace-Context': 'bc2af2882bd4081cbae3a0ef525170d7', 'Date': 'Mon, 03 Apr 2023 18:27:52 GMT', 'Server': 'Google Frontend', 'Content-Length': '153'} 
 body={
    "nome": "Gabriel Barbosa",
    "email": "omgd@emailteste.com",
    "password": "4321",
    "administrador": "true",
    "_id": "braOc73X8erhEpH7"
} 
 </msg>
<msg timestamp="20230403 15:27:33.455" level="INFO">C:\Users\Administrator\AppData\Local\Programs\Python\Python311\Lib\site-packages\urllib3\connectionpool.py:1045: InsecureRequestWarning: Unverified HTTPS request is being made to host 'serverest.dev'. Adding certificate verification is strongly advised. See: https://urllib3.readthedocs.io/en/1.26.x/advanced-usage.html#ssl-warnings
  warnings.warn(</msg>
<msg timestamp="20230403 15:27:33.457" level="INFO">${resposta_consulta} = &lt;Response [200]&gt;</msg>
<status status="PASS" starttime="20230403 15:27:33.305" endtime="20230403 15:27:33.457"/>
</kw>
<kw name="Set Test Variable" library="BuiltIn">
<arg>${RESP_CONSULTA}</arg>
<arg>${resposta_consulta.json()}</arg>
<doc>Makes a variable available everywhere within the scope of the current test.</doc>
<msg timestamp="20230403 15:27:33.458" level="INFO">${RESP_CONSULTA} = {'nome': 'Gabriel Barbosa', 'email': 'omgd@emailteste.com', 'password': '4321', 'administrador': 'true', '_id': 'braOc73X8erhEpH7'}</msg>
<status status="PASS" starttime="20230403 15:27:33.457" endtime="20230403 15:27:33.458"/>
</kw>
<status status="PASS" starttime="20230403 15:27:33.305" endtime="20230403 15:27:33.459"/>
</kw>
<kw name="Editar informações do usuário" library="api_testing_usuarios">
<kw name="Create Dictionary" library="BuiltIn">
<var>${novas_info}</var>
<arg>nome=Gabriel B</arg>
<arg>password=1234</arg>
<arg>email=${EMAIL_TESTE}</arg>
<arg>administrador=true</arg>
<doc>Creates and returns a dictionary based on the given ``items``.</doc>
<msg timestamp="20230403 15:27:33.460" level="INFO">${novas_info} = {'nome': 'Gabriel B', 'password': '1234', 'email': 'omgd@emailteste.com', 'administrador': 'true'}</msg>
<status status="PASS" starttime="20230403 15:27:33.460" endtime="20230403 15:27:33.460"/>
</kw>
<kw name="PUT On Session" library="RequestsLibrary">
<var>${novas_info}</var>
<arg>alias=ServeRest</arg>
<arg>url=/usuarios/${ID_USUARIO}</arg>
<arg>json=${novas_info}</arg>
<doc>Sends a PUT request on a previously created HTTP Session.</doc>
<msg timestamp="20230403 15:27:33.614" level="INFO">PUT Request : url=https://serverest.dev/usuarios/braOc73X8erhEpH7 
 path_url=/usuarios/braOc73X8erhEpH7 
 headers={'User-Agent': 'python-requests/2.28.2', 'Accept-Encoding': 'gzip, deflate', 'Accept': '*/*', 'Connection': 'keep-alive', 'Content-Length': '98', 'Content-Type': 'application/json'} 
 body=b'{"nome": "Gabriel B", "password": "1234", "email": "omgd@emailteste.com", "administrador": "true"}' 
 </msg>
<msg timestamp="20230403 15:27:33.614" level="INFO">PUT Response : url=https://serverest.dev/usuarios/braOc73X8erhEpH7 
 status=200, reason=OK 
 headers={'access-control-allow-origin': '*', 'x-dns-prefetch-control': 'off', 'x-frame-options': 'SAMEORIGIN', 'strict-transport-security': 'max-age=15552000; includeSubDomains', 'x-download-options': 'noopen', 'x-content-type-options': 'nosniff', 'x-xss-protection': '1; mode=block', 'x-moesif-transaction-id': '0f7ed79f-09ca-4aa9-8716-3140504bd4b6', 'content-type': 'application/json; charset=utf-8', 'X-Cloud-Trace-Context': 'e7a3fca58275a4cc3145962ed96705a6', 'Date': 'Mon, 03 Apr 2023 18:27:52 GMT', 'Server': 'Google Frontend', 'Content-Length': '50'} 
 body={
    "message": "Registro alterado com sucesso"
} 
 </msg>
<msg timestamp="20230403 15:27:33.614" level="INFO">C:\Users\Administrator\AppData\Local\Programs\Python\Python311\Lib\site-packages\urllib3\connectionpool.py:1045: InsecureRequestWarning: Unverified HTTPS request is being made to host 'serverest.dev'. Adding certificate verification is strongly advised. See: https://urllib3.readthedocs.io/en/1.26.x/advanced-usage.html#ssl-warnings
  warnings.warn(</msg>
<msg timestamp="20230403 15:27:33.615" level="INFO">${novas_info} = &lt;Response [200]&gt;</msg>
<status status="PASS" starttime="20230403 15:27:33.460" endtime="20230403 15:27:33.615"/>
</kw>
<status status="PASS" starttime="20230403 15:27:33.459" endtime="20230403 15:27:33.615"/>
</kw>
<kw name="Consultar os novos dados do usuário" library="api_testing_usuarios">
<kw name="GET On Session" library="RequestsLibrary">
<var>${resposta_consulta}</var>
<arg>alias=ServeRest</arg>
<arg>url=/usuarios/${ID_USUARIO}</arg>
<doc>Sends a GET request on a previously created HTTP Session.</doc>
<msg timestamp="20230403 15:27:33.767" level="INFO">GET Request : url=https://serverest.dev/usuarios/braOc73X8erhEpH7 
 path_url=/usuarios/braOc73X8erhEpH7 
 headers={'User-Agent': 'python-requests/2.28.2', 'Accept-Encoding': 'gzip, deflate', 'Accept': '*/*', 'Connection': 'keep-alive'} 
 body=None 
 </msg>
<msg timestamp="20230403 15:27:33.767" level="INFO">GET Response : url=https://serverest.dev/usuarios/braOc73X8erhEpH7 
 status=200, reason=OK 
 headers={'access-control-allow-origin': '*', 'x-dns-prefetch-control': 'off', 'x-frame-options': 'SAMEORIGIN', 'strict-transport-security': 'max-age=15552000; includeSubDomains', 'x-download-options': 'noopen', 'x-content-type-options': 'nosniff', 'x-xss-protection': '1; mode=block', 'x-moesif-transaction-id': 'd0f11537-1af1-4e06-9c58-bfc044302e76', 'content-type': 'application/json; charset=utf-8', 'X-Cloud-Trace-Context': '25d7d4cefedd43e5203fcd8ed6881ed5', 'Date': 'Mon, 03 Apr 2023 18:27:53 GMT', 'Server': 'Google Frontend', 'Content-Length': '147'} 
 body={
    "nome": "Gabriel B",
    "password": "1234",
    "email": "omgd@emailteste.com",
    "administrador": "true",
    "_id": "braOc73X8erhEpH7"
} 
 </msg>
<msg timestamp="20230403 15:27:33.767" level="INFO">C:\Users\Administrator\AppData\Local\Programs\Python\Python311\Lib\site-packages\urllib3\connectionpool.py:1045: InsecureRequestWarning: Unverified HTTPS request is being made to host 'serverest.dev'. Adding certificate verification is strongly advised. See: https://urllib3.readthedocs.io/en/1.26.x/advanced-usage.html#ssl-warnings
  warnings.warn(</msg>
<msg timestamp="20230403 15:27:33.768" level="INFO">${resposta_consulta} = &lt;Response [200]&gt;</msg>
<status status="PASS" starttime="20230403 15:27:33.616" endtime="20230403 15:27:33.768"/>
</kw>
<kw name="Set Test Variable" library="BuiltIn">
<arg>${RESP_CONSULTA}</arg>
<arg>${resposta_consulta.json()}</arg>
<doc>Makes a variable available everywhere within the scope of the current test.</doc>
<msg timestamp="20230403 15:27:33.769" level="INFO">${RESP_CONSULTA} = {'nome': 'Gabriel B', 'password': '1234', 'email': 'omgd@emailteste.com', 'administrador': 'true', '_id': 'braOc73X8erhEpH7'}</msg>
<status status="PASS" starttime="20230403 15:27:33.768" endtime="20230403 15:27:33.769"/>
</kw>
<status status="PASS" starttime="20230403 15:27:33.615" endtime="20230403 15:27:33.769"/>
</kw>
<kw name="Conferir os dados retornados se estão editados" library="api_testing_usuarios">
<kw name="Log" library="BuiltIn">
<arg>${RESP_CONSULTA}</arg>
<doc>Logs the given message with the given level.</doc>
<msg timestamp="20230403 15:27:33.770" level="INFO">{'nome': 'Gabriel B', 'password': '1234', 'email': 'omgd@emailteste.com', 'administrador': 'true', '_id': 'braOc73X8erhEpH7'}</msg>
<status status="PASS" starttime="20230403 15:27:33.770" endtime="20230403 15:27:33.770"/>
</kw>
<kw name="Dictionary Should Contain Item" library="Collections">
<arg>${RESP_CONSULTA}</arg>
<arg>nome</arg>
<arg>Gabriel B</arg>
<doc>An item of ``key`` / ``value`` must be found in a ``dictionary``.</doc>
<status status="PASS" starttime="20230403 15:27:33.770" endtime="20230403 15:27:33.771"/>
</kw>
<kw name="Dictionary Should Contain Item" library="Collections">
<arg>${RESP_CONSULTA}</arg>
<arg>email</arg>
<arg>${EMAIL_TESTE}</arg>
<doc>An item of ``key`` / ``value`` must be found in a ``dictionary``.</doc>
<status status="PASS" starttime="20230403 15:27:33.771" endtime="20230403 15:27:33.771"/>
</kw>
<kw name="Dictionary Should Contain Item" library="Collections">
<arg>${RESP_CONSULTA}</arg>
<arg>password</arg>
<arg>1234</arg>
<doc>An item of ``key`` / ``value`` must be found in a ``dictionary``.</doc>
<status status="PASS" starttime="20230403 15:27:33.771" endtime="20230403 15:27:33.771"/>
</kw>
<kw name="Dictionary Should Contain Item" library="Collections">
<arg>${RESP_CONSULTA}</arg>
<arg>administrador</arg>
<arg>true</arg>
<doc>An item of ``key`` / ``value`` must be found in a ``dictionary``.</doc>
<status status="PASS" starttime="20230403 15:27:33.771" endtime="20230403 15:27:33.771"/>
</kw>
<status status="PASS" starttime="20230403 15:27:33.770" endtime="20230403 15:27:33.772"/>
</kw>
<status status="PASS" starttime="20230403 15:27:32.988" endtime="20230403 15:27:33.772"/>
</test>
<doc>This test suits realizes a test in api of the site ServeRest, englobing all the users part.</doc>
<status status="PASS" starttime="20230403 15:27:30.897" endtime="20230403 15:27:33.774"/>
</suite>
<status status="PASS" starttime="20230403 15:27:22.708" endtime="20230403 15:27:33.777"/>
</suite>
<statistics>
<total>
<stat pass="14" fail="0" skip="0">All Tests</stat>
</total>
<tag>
</tag>
<suite>
<stat pass="14" fail="0" skip="0" id="s1" name="Tests">Tests</stat>
<stat pass="3" fail="0" skip="0" id="s1-s1" name="Api Testing Cart">Tests.Api Testing Cart</stat>
<stat pass="2" fail="0" skip="0" id="s1-s2" name="Api Testing Login">Tests.Api Testing Login</stat>
<stat pass="4" fail="0" skip="0" id="s1-s3" name="Api Testing Products">Tests.Api Testing Products</stat>
<stat pass="5" fail="0" skip="0" id="s1-s4" name="Api Testing Usuarios">Tests.Api Testing Usuarios</stat>
</suite>
</statistics>
<errors>
</errors>
</robot>
